[2022-06-06 13:59:55,295] {processor.py:153} INFO - Started process (PID=79) to work on /home/airflow/.local/lib/python3.7/site-packages/airflow/example_dags/example_branch_datetime_operator.py
[2022-06-06 13:59:55,299] {processor.py:641} INFO - Processing file /home/airflow/.local/lib/python3.7/site-packages/airflow/example_dags/example_branch_datetime_operator.py for tasks to queue
[2022-06-06 13:59:55,300] {logging_mixin.py:115} INFO - [2022-06-06 13:59:55,300] {dagbag.py:507} INFO - Filling up the DagBag from /home/airflow/.local/lib/python3.7/site-packages/airflow/example_dags/example_branch_datetime_operator.py
[2022-06-06 13:59:55,349] {processor.py:651} INFO - DAG(s) dict_keys(['example_branch_datetime_operator_2']) retrieved from /home/airflow/.local/lib/python3.7/site-packages/airflow/example_dags/example_branch_datetime_operator.py
[2022-06-06 13:59:56,076] {logging_mixin.py:115} INFO - [2022-06-06 13:59:56,076] {manager.py:508} INFO - Created Permission View: can read on DAG:example_branch_datetime_operator_2
[2022-06-06 13:59:56,117] {logging_mixin.py:115} INFO - [2022-06-06 13:59:56,117] {manager.py:508} INFO - Created Permission View: can edit on DAG:example_branch_datetime_operator_2
[2022-06-06 13:59:56,180] {logging_mixin.py:115} INFO - [2022-06-06 13:59:56,180] {manager.py:508} INFO - Created Permission View: can delete on DAG:example_branch_datetime_operator_2
[2022-06-06 13:59:56,180] {logging_mixin.py:115} INFO - [2022-06-06 13:59:56,180] {dag.py:2379} INFO - Sync 1 DAGs
[2022-06-06 13:59:56,198] {logging_mixin.py:115} INFO - [2022-06-06 13:59:56,198] {dag.py:2398} INFO - Creating ORM DAG for example_branch_datetime_operator_2
[2022-06-06 13:59:56,225] {logging_mixin.py:115} INFO - [2022-06-06 13:59:56,225] {dag.py:2931} INFO - Setting next_dagrun for example_branch_datetime_operator_2 to 2022-06-05T00:00:00+00:00, run_after=2022-06-06T00:00:00+00:00
[2022-06-06 13:59:56,252] {processor.py:161} INFO - Processing /home/airflow/.local/lib/python3.7/site-packages/airflow/example_dags/example_branch_datetime_operator.py took 0.962 seconds
[2022-06-06 14:01:45,111] {processor.py:153} INFO - Started process (PID=160) to work on /home/airflow/.local/lib/python3.7/site-packages/airflow/example_dags/example_branch_datetime_operator.py
[2022-06-06 14:01:45,114] {processor.py:641} INFO - Processing file /home/airflow/.local/lib/python3.7/site-packages/airflow/example_dags/example_branch_datetime_operator.py for tasks to queue
[2022-06-06 14:01:45,116] {logging_mixin.py:115} INFO - [2022-06-06 14:01:45,115] {dagbag.py:507} INFO - Filling up the DagBag from /home/airflow/.local/lib/python3.7/site-packages/airflow/example_dags/example_branch_datetime_operator.py
[2022-06-06 14:01:45,157] {processor.py:651} INFO - DAG(s) dict_keys(['example_branch_datetime_operator_2']) retrieved from /home/airflow/.local/lib/python3.7/site-packages/airflow/example_dags/example_branch_datetime_operator.py
[2022-06-06 14:01:45,203] {logging_mixin.py:115} INFO - [2022-06-06 14:01:45,203] {dag.py:2379} INFO - Sync 1 DAGs
[2022-06-06 14:01:45,253] {logging_mixin.py:115} INFO - [2022-06-06 14:01:45,253] {dag.py:2931} INFO - Setting next_dagrun for example_branch_datetime_operator_2 to 2022-06-05T00:00:00+00:00, run_after=2022-06-06T00:00:00+00:00
[2022-06-06 14:01:45,296] {processor.py:161} INFO - Processing /home/airflow/.local/lib/python3.7/site-packages/airflow/example_dags/example_branch_datetime_operator.py took 0.197 seconds
[2022-06-06 14:02:16,144] {processor.py:153} INFO - Started process (PID=212) to work on /home/airflow/.local/lib/python3.7/site-packages/airflow/example_dags/example_branch_datetime_operator.py
[2022-06-06 14:02:16,144] {processor.py:641} INFO - Processing file /home/airflow/.local/lib/python3.7/site-packages/airflow/example_dags/example_branch_datetime_operator.py for tasks to queue
[2022-06-06 14:02:16,145] {logging_mixin.py:115} INFO - [2022-06-06 14:02:16,145] {dagbag.py:507} INFO - Filling up the DagBag from /home/airflow/.local/lib/python3.7/site-packages/airflow/example_dags/example_branch_datetime_operator.py
[2022-06-06 14:02:16,153] {processor.py:651} INFO - DAG(s) dict_keys(['example_branch_datetime_operator_2']) retrieved from /home/airflow/.local/lib/python3.7/site-packages/airflow/example_dags/example_branch_datetime_operator.py
[2022-06-06 14:02:16,180] {logging_mixin.py:115} INFO - [2022-06-06 14:02:16,180] {dag.py:2379} INFO - Sync 1 DAGs
[2022-06-06 14:02:16,218] {logging_mixin.py:115} INFO - [2022-06-06 14:02:16,218] {dag.py:2931} INFO - Setting next_dagrun for example_branch_datetime_operator_2 to 2022-06-05T00:00:00+00:00, run_after=2022-06-06T00:00:00+00:00
[2022-06-06 14:02:16,234] {processor.py:161} INFO - Processing /home/airflow/.local/lib/python3.7/site-packages/airflow/example_dags/example_branch_datetime_operator.py took 0.094 seconds
[2022-06-06 14:02:46,443] {processor.py:153} INFO - Started process (PID=263) to work on /home/airflow/.local/lib/python3.7/site-packages/airflow/example_dags/example_branch_datetime_operator.py
[2022-06-06 14:02:46,448] {processor.py:641} INFO - Processing file /home/airflow/.local/lib/python3.7/site-packages/airflow/example_dags/example_branch_datetime_operator.py for tasks to queue
[2022-06-06 14:02:46,449] {logging_mixin.py:115} INFO - [2022-06-06 14:02:46,449] {dagbag.py:507} INFO - Filling up the DagBag from /home/airflow/.local/lib/python3.7/site-packages/airflow/example_dags/example_branch_datetime_operator.py
[2022-06-06 14:02:46,466] {processor.py:651} INFO - DAG(s) dict_keys(['example_branch_datetime_operator_2']) retrieved from /home/airflow/.local/lib/python3.7/site-packages/airflow/example_dags/example_branch_datetime_operator.py
[2022-06-06 14:02:46,516] {logging_mixin.py:115} INFO - [2022-06-06 14:02:46,515] {dag.py:2379} INFO - Sync 1 DAGs
[2022-06-06 14:02:46,569] {logging_mixin.py:115} INFO - [2022-06-06 14:02:46,569] {dag.py:2931} INFO - Setting next_dagrun for example_branch_datetime_operator_2 to 2022-06-05T00:00:00+00:00, run_after=2022-06-06T00:00:00+00:00
[2022-06-06 14:02:46,782] {processor.py:161} INFO - Processing /home/airflow/.local/lib/python3.7/site-packages/airflow/example_dags/example_branch_datetime_operator.py took 0.346 seconds
[2022-06-06 14:03:21,507] {processor.py:153} INFO - Started process (PID=323) to work on /home/airflow/.local/lib/python3.7/site-packages/airflow/example_dags/example_branch_datetime_operator.py
[2022-06-06 14:03:21,512] {processor.py:641} INFO - Processing file /home/airflow/.local/lib/python3.7/site-packages/airflow/example_dags/example_branch_datetime_operator.py for tasks to queue
[2022-06-06 14:03:21,513] {logging_mixin.py:115} INFO - [2022-06-06 14:03:21,513] {dagbag.py:507} INFO - Filling up the DagBag from /home/airflow/.local/lib/python3.7/site-packages/airflow/example_dags/example_branch_datetime_operator.py
[2022-06-06 14:03:21,539] {processor.py:651} INFO - DAG(s) dict_keys(['example_branch_datetime_operator_2']) retrieved from /home/airflow/.local/lib/python3.7/site-packages/airflow/example_dags/example_branch_datetime_operator.py
[2022-06-06 14:03:21,583] {logging_mixin.py:115} INFO - [2022-06-06 14:03:21,583] {dag.py:2379} INFO - Sync 1 DAGs
[2022-06-06 14:03:21,652] {logging_mixin.py:115} INFO - [2022-06-06 14:03:21,652] {dag.py:2931} INFO - Setting next_dagrun for example_branch_datetime_operator_2 to 2022-06-05T00:00:00+00:00, run_after=2022-06-06T00:00:00+00:00
[2022-06-06 14:03:21,945] {processor.py:161} INFO - Processing /home/airflow/.local/lib/python3.7/site-packages/airflow/example_dags/example_branch_datetime_operator.py took 0.454 seconds
[2022-06-06 14:03:53,539] {processor.py:153} INFO - Started process (PID=375) to work on /home/airflow/.local/lib/python3.7/site-packages/airflow/example_dags/example_branch_datetime_operator.py
[2022-06-06 14:03:53,541] {processor.py:641} INFO - Processing file /home/airflow/.local/lib/python3.7/site-packages/airflow/example_dags/example_branch_datetime_operator.py for tasks to queue
[2022-06-06 14:03:53,541] {logging_mixin.py:115} INFO - [2022-06-06 14:03:53,541] {dagbag.py:507} INFO - Filling up the DagBag from /home/airflow/.local/lib/python3.7/site-packages/airflow/example_dags/example_branch_datetime_operator.py
[2022-06-06 14:03:53,607] {processor.py:651} INFO - DAG(s) dict_keys(['example_branch_datetime_operator_2']) retrieved from /home/airflow/.local/lib/python3.7/site-packages/airflow/example_dags/example_branch_datetime_operator.py
[2022-06-06 14:03:53,710] {logging_mixin.py:115} INFO - [2022-06-06 14:03:53,710] {dag.py:2379} INFO - Sync 1 DAGs
[2022-06-06 14:03:53,775] {logging_mixin.py:115} INFO - [2022-06-06 14:03:53,775] {dag.py:2931} INFO - Setting next_dagrun for example_branch_datetime_operator_2 to 2022-06-05T00:00:00+00:00, run_after=2022-06-06T00:00:00+00:00
[2022-06-06 14:03:54,039] {processor.py:161} INFO - Processing /home/airflow/.local/lib/python3.7/site-packages/airflow/example_dags/example_branch_datetime_operator.py took 0.514 seconds
[2022-06-06 14:04:24,379] {processor.py:153} INFO - Started process (PID=427) to work on /home/airflow/.local/lib/python3.7/site-packages/airflow/example_dags/example_branch_datetime_operator.py
[2022-06-06 14:04:24,383] {processor.py:641} INFO - Processing file /home/airflow/.local/lib/python3.7/site-packages/airflow/example_dags/example_branch_datetime_operator.py for tasks to queue
[2022-06-06 14:04:24,384] {logging_mixin.py:115} INFO - [2022-06-06 14:04:24,384] {dagbag.py:507} INFO - Filling up the DagBag from /home/airflow/.local/lib/python3.7/site-packages/airflow/example_dags/example_branch_datetime_operator.py
[2022-06-06 14:04:24,399] {processor.py:651} INFO - DAG(s) dict_keys(['example_branch_datetime_operator_2']) retrieved from /home/airflow/.local/lib/python3.7/site-packages/airflow/example_dags/example_branch_datetime_operator.py
[2022-06-06 14:04:24,444] {logging_mixin.py:115} INFO - [2022-06-06 14:04:24,444] {dag.py:2379} INFO - Sync 1 DAGs
[2022-06-06 14:04:24,493] {logging_mixin.py:115} INFO - [2022-06-06 14:04:24,492] {dag.py:2931} INFO - Setting next_dagrun for example_branch_datetime_operator_2 to 2022-06-05T00:00:00+00:00, run_after=2022-06-06T00:00:00+00:00
[2022-06-06 14:04:24,692] {processor.py:161} INFO - Processing /home/airflow/.local/lib/python3.7/site-packages/airflow/example_dags/example_branch_datetime_operator.py took 0.318 seconds
[2022-06-06 14:04:55,534] {processor.py:153} INFO - Started process (PID=487) to work on /home/airflow/.local/lib/python3.7/site-packages/airflow/example_dags/example_branch_datetime_operator.py
[2022-06-06 14:04:55,535] {processor.py:641} INFO - Processing file /home/airflow/.local/lib/python3.7/site-packages/airflow/example_dags/example_branch_datetime_operator.py for tasks to queue
[2022-06-06 14:04:55,536] {logging_mixin.py:115} INFO - [2022-06-06 14:04:55,536] {dagbag.py:507} INFO - Filling up the DagBag from /home/airflow/.local/lib/python3.7/site-packages/airflow/example_dags/example_branch_datetime_operator.py
[2022-06-06 14:04:55,567] {processor.py:651} INFO - DAG(s) dict_keys(['example_branch_datetime_operator_2']) retrieved from /home/airflow/.local/lib/python3.7/site-packages/airflow/example_dags/example_branch_datetime_operator.py
[2022-06-06 14:04:55,704] {logging_mixin.py:115} INFO - [2022-06-06 14:04:55,704] {dag.py:2379} INFO - Sync 1 DAGs
[2022-06-06 14:04:55,850] {logging_mixin.py:115} INFO - [2022-06-06 14:04:55,850] {dag.py:2931} INFO - Setting next_dagrun for example_branch_datetime_operator_2 to 2022-06-05T00:00:00+00:00, run_after=2022-06-06T00:00:00+00:00
[2022-06-06 14:04:56,339] {processor.py:161} INFO - Processing /home/airflow/.local/lib/python3.7/site-packages/airflow/example_dags/example_branch_datetime_operator.py took 0.825 seconds
[2022-06-06 14:05:26,503] {processor.py:153} INFO - Started process (PID=539) to work on /home/airflow/.local/lib/python3.7/site-packages/airflow/example_dags/example_branch_datetime_operator.py
[2022-06-06 14:05:26,504] {processor.py:641} INFO - Processing file /home/airflow/.local/lib/python3.7/site-packages/airflow/example_dags/example_branch_datetime_operator.py for tasks to queue
[2022-06-06 14:05:26,505] {logging_mixin.py:115} INFO - [2022-06-06 14:05:26,505] {dagbag.py:507} INFO - Filling up the DagBag from /home/airflow/.local/lib/python3.7/site-packages/airflow/example_dags/example_branch_datetime_operator.py
[2022-06-06 14:05:26,521] {processor.py:651} INFO - DAG(s) dict_keys(['example_branch_datetime_operator_2']) retrieved from /home/airflow/.local/lib/python3.7/site-packages/airflow/example_dags/example_branch_datetime_operator.py
[2022-06-06 14:05:26,567] {logging_mixin.py:115} INFO - [2022-06-06 14:05:26,567] {dag.py:2379} INFO - Sync 1 DAGs
[2022-06-06 14:05:26,611] {logging_mixin.py:115} INFO - [2022-06-06 14:05:26,610] {dag.py:2931} INFO - Setting next_dagrun for example_branch_datetime_operator_2 to 2022-06-05T00:00:00+00:00, run_after=2022-06-06T00:00:00+00:00
[2022-06-06 14:05:26,819] {processor.py:161} INFO - Processing /home/airflow/.local/lib/python3.7/site-packages/airflow/example_dags/example_branch_datetime_operator.py took 0.321 seconds
[2022-06-06 14:05:58,355] {processor.py:153} INFO - Started process (PID=590) to work on /home/airflow/.local/lib/python3.7/site-packages/airflow/example_dags/example_branch_datetime_operator.py
[2022-06-06 14:05:58,356] {processor.py:641} INFO - Processing file /home/airflow/.local/lib/python3.7/site-packages/airflow/example_dags/example_branch_datetime_operator.py for tasks to queue
[2022-06-06 14:05:58,357] {logging_mixin.py:115} INFO - [2022-06-06 14:05:58,357] {dagbag.py:507} INFO - Filling up the DagBag from /home/airflow/.local/lib/python3.7/site-packages/airflow/example_dags/example_branch_datetime_operator.py
[2022-06-06 14:05:58,377] {processor.py:651} INFO - DAG(s) dict_keys(['example_branch_datetime_operator_2']) retrieved from /home/airflow/.local/lib/python3.7/site-packages/airflow/example_dags/example_branch_datetime_operator.py
[2022-06-06 14:05:58,419] {logging_mixin.py:115} INFO - [2022-06-06 14:05:58,419] {dag.py:2379} INFO - Sync 1 DAGs
[2022-06-06 14:05:58,472] {logging_mixin.py:115} INFO - [2022-06-06 14:05:58,471] {dag.py:2931} INFO - Setting next_dagrun for example_branch_datetime_operator_2 to 2022-06-05T00:00:00+00:00, run_after=2022-06-06T00:00:00+00:00
[2022-06-06 14:05:58,682] {processor.py:161} INFO - Processing /home/airflow/.local/lib/python3.7/site-packages/airflow/example_dags/example_branch_datetime_operator.py took 0.333 seconds
[2022-06-06 14:06:28,905] {processor.py:153} INFO - Started process (PID=649) to work on /home/airflow/.local/lib/python3.7/site-packages/airflow/example_dags/example_branch_datetime_operator.py
[2022-06-06 14:06:28,905] {processor.py:641} INFO - Processing file /home/airflow/.local/lib/python3.7/site-packages/airflow/example_dags/example_branch_datetime_operator.py for tasks to queue
[2022-06-06 14:06:28,906] {logging_mixin.py:115} INFO - [2022-06-06 14:06:28,906] {dagbag.py:507} INFO - Filling up the DagBag from /home/airflow/.local/lib/python3.7/site-packages/airflow/example_dags/example_branch_datetime_operator.py
[2022-06-06 14:06:28,920] {processor.py:651} INFO - DAG(s) dict_keys(['example_branch_datetime_operator_2']) retrieved from /home/airflow/.local/lib/python3.7/site-packages/airflow/example_dags/example_branch_datetime_operator.py
[2022-06-06 14:06:29,044] {logging_mixin.py:115} INFO - [2022-06-06 14:06:29,043] {dag.py:2379} INFO - Sync 1 DAGs
[2022-06-06 14:06:29,127] {logging_mixin.py:115} INFO - [2022-06-06 14:06:29,126] {dag.py:2931} INFO - Setting next_dagrun for example_branch_datetime_operator_2 to 2022-06-05T00:00:00+00:00, run_after=2022-06-06T00:00:00+00:00
[2022-06-06 14:06:29,440] {processor.py:161} INFO - Processing /home/airflow/.local/lib/python3.7/site-packages/airflow/example_dags/example_branch_datetime_operator.py took 0.540 seconds
[2022-06-06 14:07:00,771] {processor.py:153} INFO - Started process (PID=704) to work on /home/airflow/.local/lib/python3.7/site-packages/airflow/example_dags/example_branch_datetime_operator.py
[2022-06-06 14:07:00,784] {processor.py:641} INFO - Processing file /home/airflow/.local/lib/python3.7/site-packages/airflow/example_dags/example_branch_datetime_operator.py for tasks to queue
[2022-06-06 14:07:00,787] {logging_mixin.py:115} INFO - [2022-06-06 14:07:00,786] {dagbag.py:507} INFO - Filling up the DagBag from /home/airflow/.local/lib/python3.7/site-packages/airflow/example_dags/example_branch_datetime_operator.py
[2022-06-06 14:07:00,830] {processor.py:651} INFO - DAG(s) dict_keys(['example_branch_datetime_operator_2']) retrieved from /home/airflow/.local/lib/python3.7/site-packages/airflow/example_dags/example_branch_datetime_operator.py
[2022-06-06 14:07:00,935] {logging_mixin.py:115} INFO - [2022-06-06 14:07:00,932] {dag.py:2379} INFO - Sync 1 DAGs
[2022-06-06 14:07:01,095] {logging_mixin.py:115} INFO - [2022-06-06 14:07:01,095] {dag.py:2931} INFO - Setting next_dagrun for example_branch_datetime_operator_2 to 2022-06-05T00:00:00+00:00, run_after=2022-06-06T00:00:00+00:00
[2022-06-06 14:07:01,511] {processor.py:161} INFO - Processing /home/airflow/.local/lib/python3.7/site-packages/airflow/example_dags/example_branch_datetime_operator.py took 0.774 seconds
