[2022-06-06 13:57:55,232] {processor.py:153} INFO - Started process (PID=71) to work on /home/airflow/.local/lib/python3.7/site-packages/airflow/example_dags/example_latest_only.py
[2022-06-06 13:57:55,233] {processor.py:641} INFO - Processing file /home/airflow/.local/lib/python3.7/site-packages/airflow/example_dags/example_latest_only.py for tasks to queue
[2022-06-06 13:57:55,234] {logging_mixin.py:115} INFO - [2022-06-06 13:57:55,233] {dagbag.py:507} INFO - Filling up the DagBag from /home/airflow/.local/lib/python3.7/site-packages/airflow/example_dags/example_latest_only.py
[2022-06-06 13:57:55,248] {processor.py:651} INFO - DAG(s) dict_keys(['latest_only']) retrieved from /home/airflow/.local/lib/python3.7/site-packages/airflow/example_dags/example_latest_only.py
[2022-06-06 13:57:56,017] {logging_mixin.py:115} INFO - [2022-06-06 13:57:56,016] {manager.py:508} INFO - Created Permission View: can read on DAG:latest_only
[2022-06-06 13:57:56,053] {logging_mixin.py:115} INFO - [2022-06-06 13:57:56,053] {manager.py:508} INFO - Created Permission View: can edit on DAG:latest_only
[2022-06-06 13:57:56,098] {logging_mixin.py:115} INFO - [2022-06-06 13:57:56,098] {manager.py:508} INFO - Created Permission View: can delete on DAG:latest_only
[2022-06-06 13:57:56,098] {logging_mixin.py:115} INFO - [2022-06-06 13:57:56,098] {dag.py:2379} INFO - Sync 1 DAGs
[2022-06-06 13:57:56,127] {logging_mixin.py:115} INFO - [2022-06-06 13:57:56,127] {dag.py:2398} INFO - Creating ORM DAG for latest_only
[2022-06-06 13:57:56,154] {logging_mixin.py:115} INFO - [2022-06-06 13:57:56,154] {dag.py:2931} INFO - Setting next_dagrun for latest_only to 2022-06-06T09:57:56.152865+00:00, run_after=2022-06-06T13:57:56.152865+00:00
[2022-06-06 13:57:56,201] {processor.py:161} INFO - Processing /home/airflow/.local/lib/python3.7/site-packages/airflow/example_dags/example_latest_only.py took 0.976 seconds
[2022-06-06 14:01:30,808] {processor.py:153} INFO - Started process (PID=123) to work on /home/airflow/.local/lib/python3.7/site-packages/airflow/example_dags/example_latest_only.py
[2022-06-06 14:01:30,821] {processor.py:641} INFO - Processing file /home/airflow/.local/lib/python3.7/site-packages/airflow/example_dags/example_latest_only.py for tasks to queue
[2022-06-06 14:01:30,900] {logging_mixin.py:115} INFO - [2022-06-06 14:01:30,900] {dagbag.py:507} INFO - Filling up the DagBag from /home/airflow/.local/lib/python3.7/site-packages/airflow/example_dags/example_latest_only.py
[2022-06-06 14:01:31,401] {processor.py:651} INFO - DAG(s) dict_keys(['latest_only']) retrieved from /home/airflow/.local/lib/python3.7/site-packages/airflow/example_dags/example_latest_only.py
[2022-06-06 14:01:32,089] {logging_mixin.py:115} INFO - [2022-06-06 14:01:32,085] {dag.py:2379} INFO - Sync 1 DAGs
[2022-06-06 14:01:32,668] {logging_mixin.py:115} INFO - [2022-06-06 14:01:32,668] {dag.py:2931} INFO - Setting next_dagrun for latest_only to 2022-06-06T10:01:32.651590+00:00, run_after=2022-06-06T14:01:32.651590+00:00
[2022-06-06 14:01:32,770] {processor.py:161} INFO - Processing /home/airflow/.local/lib/python3.7/site-packages/airflow/example_dags/example_latest_only.py took 2.096 seconds
[2022-06-06 14:02:03,639] {processor.py:153} INFO - Started process (PID=175) to work on /home/airflow/.local/lib/python3.7/site-packages/airflow/example_dags/example_latest_only.py
[2022-06-06 14:02:03,643] {processor.py:641} INFO - Processing file /home/airflow/.local/lib/python3.7/site-packages/airflow/example_dags/example_latest_only.py for tasks to queue
[2022-06-06 14:02:03,644] {logging_mixin.py:115} INFO - [2022-06-06 14:02:03,644] {dagbag.py:507} INFO - Filling up the DagBag from /home/airflow/.local/lib/python3.7/site-packages/airflow/example_dags/example_latest_only.py
[2022-06-06 14:02:03,651] {processor.py:651} INFO - DAG(s) dict_keys(['latest_only']) retrieved from /home/airflow/.local/lib/python3.7/site-packages/airflow/example_dags/example_latest_only.py
[2022-06-06 14:02:03,686] {logging_mixin.py:115} INFO - [2022-06-06 14:02:03,686] {dag.py:2379} INFO - Sync 1 DAGs
[2022-06-06 14:02:03,715] {logging_mixin.py:115} INFO - [2022-06-06 14:02:03,715] {dag.py:2931} INFO - Setting next_dagrun for latest_only to 2022-06-06T10:02:03.715315+00:00, run_after=2022-06-06T14:02:03.715315+00:00
[2022-06-06 14:02:03,731] {processor.py:161} INFO - Processing /home/airflow/.local/lib/python3.7/site-packages/airflow/example_dags/example_latest_only.py took 0.096 seconds
[2022-06-06 14:02:33,869] {processor.py:153} INFO - Started process (PID=227) to work on /home/airflow/.local/lib/python3.7/site-packages/airflow/example_dags/example_latest_only.py
[2022-06-06 14:02:33,870] {processor.py:641} INFO - Processing file /home/airflow/.local/lib/python3.7/site-packages/airflow/example_dags/example_latest_only.py for tasks to queue
[2022-06-06 14:02:33,870] {logging_mixin.py:115} INFO - [2022-06-06 14:02:33,870] {dagbag.py:507} INFO - Filling up the DagBag from /home/airflow/.local/lib/python3.7/site-packages/airflow/example_dags/example_latest_only.py
[2022-06-06 14:02:33,882] {processor.py:651} INFO - DAG(s) dict_keys(['latest_only']) retrieved from /home/airflow/.local/lib/python3.7/site-packages/airflow/example_dags/example_latest_only.py
[2022-06-06 14:02:33,918] {logging_mixin.py:115} INFO - [2022-06-06 14:02:33,917] {dag.py:2379} INFO - Sync 1 DAGs
[2022-06-06 14:02:33,968] {logging_mixin.py:115} INFO - [2022-06-06 14:02:33,968] {dag.py:2931} INFO - Setting next_dagrun for latest_only to 2022-06-06T10:02:33.967912+00:00, run_after=2022-06-06T14:02:33.967912+00:00
[2022-06-06 14:02:33,989] {processor.py:161} INFO - Processing /home/airflow/.local/lib/python3.7/site-packages/airflow/example_dags/example_latest_only.py took 0.126 seconds
[2022-06-06 14:03:05,109] {processor.py:153} INFO - Started process (PID=287) to work on /home/airflow/.local/lib/python3.7/site-packages/airflow/example_dags/example_latest_only.py
[2022-06-06 14:03:05,113] {processor.py:641} INFO - Processing file /home/airflow/.local/lib/python3.7/site-packages/airflow/example_dags/example_latest_only.py for tasks to queue
[2022-06-06 14:03:05,117] {logging_mixin.py:115} INFO - [2022-06-06 14:03:05,117] {dagbag.py:507} INFO - Filling up the DagBag from /home/airflow/.local/lib/python3.7/site-packages/airflow/example_dags/example_latest_only.py
[2022-06-06 14:03:05,179] {processor.py:651} INFO - DAG(s) dict_keys(['latest_only']) retrieved from /home/airflow/.local/lib/python3.7/site-packages/airflow/example_dags/example_latest_only.py
[2022-06-06 14:03:05,312] {logging_mixin.py:115} INFO - [2022-06-06 14:03:05,312] {dag.py:2379} INFO - Sync 1 DAGs
[2022-06-06 14:03:05,375] {logging_mixin.py:115} INFO - [2022-06-06 14:03:05,375] {dag.py:2931} INFO - Setting next_dagrun for latest_only to 2022-06-06T10:03:05.374655+00:00, run_after=2022-06-06T14:03:05.374655+00:00
[2022-06-06 14:03:05,763] {processor.py:161} INFO - Processing /home/airflow/.local/lib/python3.7/site-packages/airflow/example_dags/example_latest_only.py took 0.816 seconds
[2022-06-06 14:03:36,355] {processor.py:153} INFO - Started process (PID=339) to work on /home/airflow/.local/lib/python3.7/site-packages/airflow/example_dags/example_latest_only.py
[2022-06-06 14:03:36,356] {processor.py:641} INFO - Processing file /home/airflow/.local/lib/python3.7/site-packages/airflow/example_dags/example_latest_only.py for tasks to queue
[2022-06-06 14:03:36,357] {logging_mixin.py:115} INFO - [2022-06-06 14:03:36,357] {dagbag.py:507} INFO - Filling up the DagBag from /home/airflow/.local/lib/python3.7/site-packages/airflow/example_dags/example_latest_only.py
[2022-06-06 14:03:36,366] {processor.py:651} INFO - DAG(s) dict_keys(['latest_only']) retrieved from /home/airflow/.local/lib/python3.7/site-packages/airflow/example_dags/example_latest_only.py
[2022-06-06 14:03:36,419] {logging_mixin.py:115} INFO - [2022-06-06 14:03:36,419] {dag.py:2379} INFO - Sync 1 DAGs
[2022-06-06 14:03:36,501] {logging_mixin.py:115} INFO - [2022-06-06 14:03:36,501] {dag.py:2931} INFO - Setting next_dagrun for latest_only to 2022-06-06T10:03:36.496440+00:00, run_after=2022-06-06T14:03:36.496440+00:00
[2022-06-06 14:03:37,376] {processor.py:161} INFO - Processing /home/airflow/.local/lib/python3.7/site-packages/airflow/example_dags/example_latest_only.py took 1.027 seconds
[2022-06-06 14:04:08,091] {processor.py:153} INFO - Started process (PID=391) to work on /home/airflow/.local/lib/python3.7/site-packages/airflow/example_dags/example_latest_only.py
[2022-06-06 14:04:08,095] {processor.py:641} INFO - Processing file /home/airflow/.local/lib/python3.7/site-packages/airflow/example_dags/example_latest_only.py for tasks to queue
[2022-06-06 14:04:08,096] {logging_mixin.py:115} INFO - [2022-06-06 14:04:08,096] {dagbag.py:507} INFO - Filling up the DagBag from /home/airflow/.local/lib/python3.7/site-packages/airflow/example_dags/example_latest_only.py
[2022-06-06 14:04:08,105] {processor.py:651} INFO - DAG(s) dict_keys(['latest_only']) retrieved from /home/airflow/.local/lib/python3.7/site-packages/airflow/example_dags/example_latest_only.py
[2022-06-06 14:04:08,149] {logging_mixin.py:115} INFO - [2022-06-06 14:04:08,149] {dag.py:2379} INFO - Sync 1 DAGs
[2022-06-06 14:04:08,213] {logging_mixin.py:115} INFO - [2022-06-06 14:04:08,213] {dag.py:2931} INFO - Setting next_dagrun for latest_only to 2022-06-06T10:04:08.213302+00:00, run_after=2022-06-06T14:04:08.213302+00:00
[2022-06-06 14:04:08,564] {processor.py:161} INFO - Processing /home/airflow/.local/lib/python3.7/site-packages/airflow/example_dags/example_latest_only.py took 0.477 seconds
[2022-06-06 14:04:38,679] {processor.py:153} INFO - Started process (PID=443) to work on /home/airflow/.local/lib/python3.7/site-packages/airflow/example_dags/example_latest_only.py
[2022-06-06 14:04:38,683] {processor.py:641} INFO - Processing file /home/airflow/.local/lib/python3.7/site-packages/airflow/example_dags/example_latest_only.py for tasks to queue
[2022-06-06 14:04:38,686] {logging_mixin.py:115} INFO - [2022-06-06 14:04:38,686] {dagbag.py:507} INFO - Filling up the DagBag from /home/airflow/.local/lib/python3.7/site-packages/airflow/example_dags/example_latest_only.py
[2022-06-06 14:04:38,693] {processor.py:651} INFO - DAG(s) dict_keys(['latest_only']) retrieved from /home/airflow/.local/lib/python3.7/site-packages/airflow/example_dags/example_latest_only.py
[2022-06-06 14:04:38,739] {logging_mixin.py:115} INFO - [2022-06-06 14:04:38,739] {dag.py:2379} INFO - Sync 1 DAGs
[2022-06-06 14:04:38,783] {logging_mixin.py:115} INFO - [2022-06-06 14:04:38,782] {dag.py:2931} INFO - Setting next_dagrun for latest_only to 2022-06-06T10:04:38.782339+00:00, run_after=2022-06-06T14:04:38.782339+00:00
[2022-06-06 14:04:39,089] {processor.py:161} INFO - Processing /home/airflow/.local/lib/python3.7/site-packages/airflow/example_dags/example_latest_only.py took 0.416 seconds
[2022-06-06 14:05:09,203] {processor.py:153} INFO - Started process (PID=503) to work on /home/airflow/.local/lib/python3.7/site-packages/airflow/example_dags/example_latest_only.py
[2022-06-06 14:05:09,209] {processor.py:641} INFO - Processing file /home/airflow/.local/lib/python3.7/site-packages/airflow/example_dags/example_latest_only.py for tasks to queue
[2022-06-06 14:05:09,210] {logging_mixin.py:115} INFO - [2022-06-06 14:05:09,209] {dagbag.py:507} INFO - Filling up the DagBag from /home/airflow/.local/lib/python3.7/site-packages/airflow/example_dags/example_latest_only.py
[2022-06-06 14:05:09,222] {processor.py:651} INFO - DAG(s) dict_keys(['latest_only']) retrieved from /home/airflow/.local/lib/python3.7/site-packages/airflow/example_dags/example_latest_only.py
[2022-06-06 14:05:09,300] {logging_mixin.py:115} INFO - [2022-06-06 14:05:09,300] {dag.py:2379} INFO - Sync 1 DAGs
[2022-06-06 14:05:09,357] {logging_mixin.py:115} INFO - [2022-06-06 14:05:09,357] {dag.py:2931} INFO - Setting next_dagrun for latest_only to 2022-06-06T10:05:09.356814+00:00, run_after=2022-06-06T14:05:09.356814+00:00
[2022-06-06 14:05:09,710] {processor.py:161} INFO - Processing /home/airflow/.local/lib/python3.7/site-packages/airflow/example_dags/example_latest_only.py took 0.515 seconds
[2022-06-06 14:05:39,884] {processor.py:153} INFO - Started process (PID=555) to work on /home/airflow/.local/lib/python3.7/site-packages/airflow/example_dags/example_latest_only.py
[2022-06-06 14:05:39,888] {processor.py:641} INFO - Processing file /home/airflow/.local/lib/python3.7/site-packages/airflow/example_dags/example_latest_only.py for tasks to queue
[2022-06-06 14:05:39,889] {logging_mixin.py:115} INFO - [2022-06-06 14:05:39,889] {dagbag.py:507} INFO - Filling up the DagBag from /home/airflow/.local/lib/python3.7/site-packages/airflow/example_dags/example_latest_only.py
[2022-06-06 14:05:39,900] {processor.py:651} INFO - DAG(s) dict_keys(['latest_only']) retrieved from /home/airflow/.local/lib/python3.7/site-packages/airflow/example_dags/example_latest_only.py
[2022-06-06 14:05:39,942] {logging_mixin.py:115} INFO - [2022-06-06 14:05:39,942] {dag.py:2379} INFO - Sync 1 DAGs
[2022-06-06 14:05:39,984] {logging_mixin.py:115} INFO - [2022-06-06 14:05:39,984] {dag.py:2931} INFO - Setting next_dagrun for latest_only to 2022-06-06T10:05:39.984237+00:00, run_after=2022-06-06T14:05:39.984237+00:00
[2022-06-06 14:05:40,229] {processor.py:161} INFO - Processing /home/airflow/.local/lib/python3.7/site-packages/airflow/example_dags/example_latest_only.py took 0.353 seconds
[2022-06-06 14:06:10,685] {processor.py:153} INFO - Started process (PID=606) to work on /home/airflow/.local/lib/python3.7/site-packages/airflow/example_dags/example_latest_only.py
[2022-06-06 14:06:10,689] {processor.py:641} INFO - Processing file /home/airflow/.local/lib/python3.7/site-packages/airflow/example_dags/example_latest_only.py for tasks to queue
[2022-06-06 14:06:10,690] {logging_mixin.py:115} INFO - [2022-06-06 14:06:10,689] {dagbag.py:507} INFO - Filling up the DagBag from /home/airflow/.local/lib/python3.7/site-packages/airflow/example_dags/example_latest_only.py
[2022-06-06 14:06:10,697] {processor.py:651} INFO - DAG(s) dict_keys(['latest_only']) retrieved from /home/airflow/.local/lib/python3.7/site-packages/airflow/example_dags/example_latest_only.py
[2022-06-06 14:06:10,729] {logging_mixin.py:115} INFO - [2022-06-06 14:06:10,728] {dag.py:2379} INFO - Sync 1 DAGs
[2022-06-06 14:06:10,769] {logging_mixin.py:115} INFO - [2022-06-06 14:06:10,769] {dag.py:2931} INFO - Setting next_dagrun for latest_only to 2022-06-06T10:06:10.768619+00:00, run_after=2022-06-06T14:06:10.768619+00:00
[2022-06-06 14:06:10,955] {processor.py:161} INFO - Processing /home/airflow/.local/lib/python3.7/site-packages/airflow/example_dags/example_latest_only.py took 0.276 seconds
[2022-06-06 14:06:41,150] {processor.py:153} INFO - Started process (PID=659) to work on /home/airflow/.local/lib/python3.7/site-packages/airflow/example_dags/example_latest_only.py
[2022-06-06 14:06:41,160] {processor.py:641} INFO - Processing file /home/airflow/.local/lib/python3.7/site-packages/airflow/example_dags/example_latest_only.py for tasks to queue
[2022-06-06 14:06:41,161] {logging_mixin.py:115} INFO - [2022-06-06 14:06:41,160] {dagbag.py:507} INFO - Filling up the DagBag from /home/airflow/.local/lib/python3.7/site-packages/airflow/example_dags/example_latest_only.py
[2022-06-06 14:06:41,175] {processor.py:651} INFO - DAG(s) dict_keys(['latest_only']) retrieved from /home/airflow/.local/lib/python3.7/site-packages/airflow/example_dags/example_latest_only.py
[2022-06-06 14:06:41,225] {logging_mixin.py:115} INFO - [2022-06-06 14:06:41,225] {dag.py:2379} INFO - Sync 1 DAGs
[2022-06-06 14:06:41,277] {logging_mixin.py:115} INFO - [2022-06-06 14:06:41,277] {dag.py:2931} INFO - Setting next_dagrun for latest_only to 2022-06-06T10:06:41.276402+00:00, run_after=2022-06-06T14:06:41.276402+00:00
[2022-06-06 14:06:41,473] {processor.py:161} INFO - Processing /home/airflow/.local/lib/python3.7/site-packages/airflow/example_dags/example_latest_only.py took 0.328 seconds
