[2022-06-06 13:59:55,466] {processor.py:153} INFO - Started process (PID=80) to work on /home/airflow/.local/lib/python3.7/site-packages/airflow/example_dags/example_sla_dag.py
[2022-06-06 13:59:55,467] {processor.py:641} INFO - Processing file /home/airflow/.local/lib/python3.7/site-packages/airflow/example_dags/example_sla_dag.py for tasks to queue
[2022-06-06 13:59:55,467] {logging_mixin.py:115} INFO - [2022-06-06 13:59:55,467] {dagbag.py:507} INFO - Filling up the DagBag from /home/airflow/.local/lib/python3.7/site-packages/airflow/example_dags/example_sla_dag.py
[2022-06-06 13:59:55,578] {processor.py:651} INFO - DAG(s) dict_keys(['example_sla_dag']) retrieved from /home/airflow/.local/lib/python3.7/site-packages/airflow/example_dags/example_sla_dag.py
[2022-06-06 13:59:56,185] {logging_mixin.py:115} INFO - [2022-06-06 13:59:56,184] {manager.py:508} INFO - Created Permission View: can read on DAG:example_sla_dag
[2022-06-06 13:59:56,206] {logging_mixin.py:115} INFO - [2022-06-06 13:59:56,206] {manager.py:508} INFO - Created Permission View: can edit on DAG:example_sla_dag
[2022-06-06 13:59:56,234] {logging_mixin.py:115} INFO - [2022-06-06 13:59:56,234] {manager.py:508} INFO - Created Permission View: can delete on DAG:example_sla_dag
[2022-06-06 13:59:56,234] {logging_mixin.py:115} INFO - [2022-06-06 13:59:56,234] {dag.py:2379} INFO - Sync 1 DAGs
[2022-06-06 13:59:56,251] {logging_mixin.py:115} INFO - [2022-06-06 13:59:56,251] {dag.py:2398} INFO - Creating ORM DAG for example_sla_dag
[2022-06-06 13:59:56,290] {logging_mixin.py:115} INFO - [2022-06-06 13:59:56,290] {dag.py:2931} INFO - Setting next_dagrun for example_sla_dag to 2022-06-06T13:56:00+00:00, run_after=2022-06-06T13:58:00+00:00
[2022-06-06 13:59:56,332] {processor.py:161} INFO - Processing /home/airflow/.local/lib/python3.7/site-packages/airflow/example_dags/example_sla_dag.py took 0.870 seconds
[2022-06-06 14:01:45,362] {processor.py:153} INFO - Started process (PID=161) to work on /home/airflow/.local/lib/python3.7/site-packages/airflow/example_dags/example_sla_dag.py
[2022-06-06 14:01:45,363] {processor.py:641} INFO - Processing file /home/airflow/.local/lib/python3.7/site-packages/airflow/example_dags/example_sla_dag.py for tasks to queue
[2022-06-06 14:01:45,364] {logging_mixin.py:115} INFO - [2022-06-06 14:01:45,364] {dagbag.py:507} INFO - Filling up the DagBag from /home/airflow/.local/lib/python3.7/site-packages/airflow/example_dags/example_sla_dag.py
[2022-06-06 14:01:45,450] {processor.py:651} INFO - DAG(s) dict_keys(['example_sla_dag']) retrieved from /home/airflow/.local/lib/python3.7/site-packages/airflow/example_dags/example_sla_dag.py
[2022-06-06 14:01:45,548] {logging_mixin.py:115} INFO - [2022-06-06 14:01:45,548] {dag.py:2379} INFO - Sync 1 DAGs
[2022-06-06 14:01:45,963] {logging_mixin.py:115} INFO - [2022-06-06 14:01:45,962] {dag.py:2931} INFO - Setting next_dagrun for example_sla_dag to 2022-06-06T13:58:00+00:00, run_after=2022-06-06T14:00:00+00:00
[2022-06-06 14:01:46,016] {processor.py:161} INFO - Processing /home/airflow/.local/lib/python3.7/site-packages/airflow/example_dags/example_sla_dag.py took 0.682 seconds
[2022-06-06 14:02:16,256] {processor.py:153} INFO - Started process (PID=213) to work on /home/airflow/.local/lib/python3.7/site-packages/airflow/example_dags/example_sla_dag.py
[2022-06-06 14:02:16,257] {processor.py:641} INFO - Processing file /home/airflow/.local/lib/python3.7/site-packages/airflow/example_dags/example_sla_dag.py for tasks to queue
[2022-06-06 14:02:16,257] {logging_mixin.py:115} INFO - [2022-06-06 14:02:16,257] {dagbag.py:507} INFO - Filling up the DagBag from /home/airflow/.local/lib/python3.7/site-packages/airflow/example_dags/example_sla_dag.py
[2022-06-06 14:02:16,286] {processor.py:651} INFO - DAG(s) dict_keys(['example_sla_dag']) retrieved from /home/airflow/.local/lib/python3.7/site-packages/airflow/example_dags/example_sla_dag.py
[2022-06-06 14:02:16,327] {logging_mixin.py:115} INFO - [2022-06-06 14:02:16,327] {dag.py:2379} INFO - Sync 1 DAGs
[2022-06-06 14:02:16,533] {logging_mixin.py:115} INFO - [2022-06-06 14:02:16,533] {dag.py:2931} INFO - Setting next_dagrun for example_sla_dag to 2022-06-06T14:00:00+00:00, run_after=2022-06-06T14:02:00+00:00
[2022-06-06 14:02:16,555] {processor.py:161} INFO - Processing /home/airflow/.local/lib/python3.7/site-packages/airflow/example_dags/example_sla_dag.py took 0.304 seconds
[2022-06-06 14:02:46,818] {processor.py:153} INFO - Started process (PID=265) to work on /home/airflow/.local/lib/python3.7/site-packages/airflow/example_dags/example_sla_dag.py
[2022-06-06 14:02:46,819] {processor.py:641} INFO - Processing file /home/airflow/.local/lib/python3.7/site-packages/airflow/example_dags/example_sla_dag.py for tasks to queue
[2022-06-06 14:02:46,820] {logging_mixin.py:115} INFO - [2022-06-06 14:02:46,820] {dagbag.py:507} INFO - Filling up the DagBag from /home/airflow/.local/lib/python3.7/site-packages/airflow/example_dags/example_sla_dag.py
[2022-06-06 14:02:46,865] {processor.py:651} INFO - DAG(s) dict_keys(['example_sla_dag']) retrieved from /home/airflow/.local/lib/python3.7/site-packages/airflow/example_dags/example_sla_dag.py
[2022-06-06 14:02:46,941] {logging_mixin.py:115} INFO - [2022-06-06 14:02:46,940] {dag.py:2379} INFO - Sync 1 DAGs
[2022-06-06 14:02:47,202] {logging_mixin.py:115} INFO - [2022-06-06 14:02:47,202] {dag.py:2931} INFO - Setting next_dagrun for example_sla_dag to 2022-06-06T14:00:00+00:00, run_after=2022-06-06T14:02:00+00:00
[2022-06-06 14:02:47,236] {processor.py:161} INFO - Processing /home/airflow/.local/lib/python3.7/site-packages/airflow/example_dags/example_sla_dag.py took 0.423 seconds
[2022-06-06 14:03:22,002] {processor.py:153} INFO - Started process (PID=325) to work on /home/airflow/.local/lib/python3.7/site-packages/airflow/example_dags/example_sla_dag.py
[2022-06-06 14:03:22,003] {processor.py:641} INFO - Processing file /home/airflow/.local/lib/python3.7/site-packages/airflow/example_dags/example_sla_dag.py for tasks to queue
[2022-06-06 14:03:22,004] {logging_mixin.py:115} INFO - [2022-06-06 14:03:22,004] {dagbag.py:507} INFO - Filling up the DagBag from /home/airflow/.local/lib/python3.7/site-packages/airflow/example_dags/example_sla_dag.py
[2022-06-06 14:03:22,064] {processor.py:651} INFO - DAG(s) dict_keys(['example_sla_dag']) retrieved from /home/airflow/.local/lib/python3.7/site-packages/airflow/example_dags/example_sla_dag.py
[2022-06-06 14:03:22,194] {logging_mixin.py:115} INFO - [2022-06-06 14:03:22,194] {dag.py:2379} INFO - Sync 1 DAGs
[2022-06-06 14:03:22,915] {logging_mixin.py:115} INFO - [2022-06-06 14:03:22,915] {dag.py:2931} INFO - Setting next_dagrun for example_sla_dag to 2022-06-06T14:00:00+00:00, run_after=2022-06-06T14:02:00+00:00
[2022-06-06 14:03:22,939] {processor.py:161} INFO - Processing /home/airflow/.local/lib/python3.7/site-packages/airflow/example_dags/example_sla_dag.py took 0.946 seconds
[2022-06-06 14:03:53,899] {processor.py:153} INFO - Started process (PID=376) to work on /home/airflow/.local/lib/python3.7/site-packages/airflow/example_dags/example_sla_dag.py
[2022-06-06 14:03:53,907] {processor.py:641} INFO - Processing file /home/airflow/.local/lib/python3.7/site-packages/airflow/example_dags/example_sla_dag.py for tasks to queue
[2022-06-06 14:03:53,912] {logging_mixin.py:115} INFO - [2022-06-06 14:03:53,912] {dagbag.py:507} INFO - Filling up the DagBag from /home/airflow/.local/lib/python3.7/site-packages/airflow/example_dags/example_sla_dag.py
[2022-06-06 14:03:53,959] {processor.py:651} INFO - DAG(s) dict_keys(['example_sla_dag']) retrieved from /home/airflow/.local/lib/python3.7/site-packages/airflow/example_dags/example_sla_dag.py
[2022-06-06 14:03:54,065] {logging_mixin.py:115} INFO - [2022-06-06 14:03:54,064] {dag.py:2379} INFO - Sync 1 DAGs
[2022-06-06 14:03:54,374] {logging_mixin.py:115} INFO - [2022-06-06 14:03:54,374] {dag.py:2931} INFO - Setting next_dagrun for example_sla_dag to 2022-06-06T14:00:00+00:00, run_after=2022-06-06T14:02:00+00:00
[2022-06-06 14:03:54,476] {processor.py:161} INFO - Processing /home/airflow/.local/lib/python3.7/site-packages/airflow/example_dags/example_sla_dag.py took 0.583 seconds
[2022-06-06 14:04:24,660] {processor.py:153} INFO - Started process (PID=428) to work on /home/airflow/.local/lib/python3.7/site-packages/airflow/example_dags/example_sla_dag.py
[2022-06-06 14:04:24,661] {processor.py:641} INFO - Processing file /home/airflow/.local/lib/python3.7/site-packages/airflow/example_dags/example_sla_dag.py for tasks to queue
[2022-06-06 14:04:24,661] {logging_mixin.py:115} INFO - [2022-06-06 14:04:24,661] {dagbag.py:507} INFO - Filling up the DagBag from /home/airflow/.local/lib/python3.7/site-packages/airflow/example_dags/example_sla_dag.py
[2022-06-06 14:04:24,694] {processor.py:651} INFO - DAG(s) dict_keys(['example_sla_dag']) retrieved from /home/airflow/.local/lib/python3.7/site-packages/airflow/example_dags/example_sla_dag.py
[2022-06-06 14:04:24,740] {logging_mixin.py:115} INFO - [2022-06-06 14:04:24,740] {dag.py:2379} INFO - Sync 1 DAGs
[2022-06-06 14:04:24,975] {logging_mixin.py:115} INFO - [2022-06-06 14:04:24,974] {dag.py:2931} INFO - Setting next_dagrun for example_sla_dag to 2022-06-06T14:02:00+00:00, run_after=2022-06-06T14:04:00+00:00
[2022-06-06 14:04:25,024] {processor.py:161} INFO - Processing /home/airflow/.local/lib/python3.7/site-packages/airflow/example_dags/example_sla_dag.py took 0.370 seconds
[2022-06-06 14:04:55,976] {processor.py:153} INFO - Started process (PID=488) to work on /home/airflow/.local/lib/python3.7/site-packages/airflow/example_dags/example_sla_dag.py
[2022-06-06 14:04:55,977] {processor.py:641} INFO - Processing file /home/airflow/.local/lib/python3.7/site-packages/airflow/example_dags/example_sla_dag.py for tasks to queue
[2022-06-06 14:04:55,977] {logging_mixin.py:115} INFO - [2022-06-06 14:04:55,977] {dagbag.py:507} INFO - Filling up the DagBag from /home/airflow/.local/lib/python3.7/site-packages/airflow/example_dags/example_sla_dag.py
[2022-06-06 14:04:56,053] {processor.py:651} INFO - DAG(s) dict_keys(['example_sla_dag']) retrieved from /home/airflow/.local/lib/python3.7/site-packages/airflow/example_dags/example_sla_dag.py
[2022-06-06 14:04:56,156] {logging_mixin.py:115} INFO - [2022-06-06 14:04:56,156] {dag.py:2379} INFO - Sync 1 DAGs
[2022-06-06 14:04:56,639] {logging_mixin.py:115} INFO - [2022-06-06 14:04:56,638] {dag.py:2931} INFO - Setting next_dagrun for example_sla_dag to 2022-06-06T14:02:00+00:00, run_after=2022-06-06T14:04:00+00:00
[2022-06-06 14:04:56,674] {processor.py:161} INFO - Processing /home/airflow/.local/lib/python3.7/site-packages/airflow/example_dags/example_sla_dag.py took 0.727 seconds
[2022-06-06 14:05:26,828] {processor.py:153} INFO - Started process (PID=540) to work on /home/airflow/.local/lib/python3.7/site-packages/airflow/example_dags/example_sla_dag.py
[2022-06-06 14:05:26,829] {processor.py:641} INFO - Processing file /home/airflow/.local/lib/python3.7/site-packages/airflow/example_dags/example_sla_dag.py for tasks to queue
[2022-06-06 14:05:26,830] {logging_mixin.py:115} INFO - [2022-06-06 14:05:26,830] {dagbag.py:507} INFO - Filling up the DagBag from /home/airflow/.local/lib/python3.7/site-packages/airflow/example_dags/example_sla_dag.py
[2022-06-06 14:05:26,860] {processor.py:651} INFO - DAG(s) dict_keys(['example_sla_dag']) retrieved from /home/airflow/.local/lib/python3.7/site-packages/airflow/example_dags/example_sla_dag.py
[2022-06-06 14:05:26,896] {logging_mixin.py:115} INFO - [2022-06-06 14:05:26,896] {dag.py:2379} INFO - Sync 1 DAGs
[2022-06-06 14:05:27,107] {logging_mixin.py:115} INFO - [2022-06-06 14:05:27,107] {dag.py:2931} INFO - Setting next_dagrun for example_sla_dag to 2022-06-06T14:02:00+00:00, run_after=2022-06-06T14:04:00+00:00
[2022-06-06 14:05:27,126] {processor.py:161} INFO - Processing /home/airflow/.local/lib/python3.7/site-packages/airflow/example_dags/example_sla_dag.py took 0.305 seconds
[2022-06-06 14:05:58,716] {processor.py:153} INFO - Started process (PID=591) to work on /home/airflow/.local/lib/python3.7/site-packages/airflow/example_dags/example_sla_dag.py
[2022-06-06 14:05:58,720] {processor.py:641} INFO - Processing file /home/airflow/.local/lib/python3.7/site-packages/airflow/example_dags/example_sla_dag.py for tasks to queue
[2022-06-06 14:05:58,721] {logging_mixin.py:115} INFO - [2022-06-06 14:05:58,721] {dagbag.py:507} INFO - Filling up the DagBag from /home/airflow/.local/lib/python3.7/site-packages/airflow/example_dags/example_sla_dag.py
[2022-06-06 14:05:58,778] {processor.py:651} INFO - DAG(s) dict_keys(['example_sla_dag']) retrieved from /home/airflow/.local/lib/python3.7/site-packages/airflow/example_dags/example_sla_dag.py
[2022-06-06 14:05:58,858] {logging_mixin.py:115} INFO - [2022-06-06 14:05:58,857] {dag.py:2379} INFO - Sync 1 DAGs
[2022-06-06 14:05:59,306] {logging_mixin.py:115} INFO - [2022-06-06 14:05:59,306] {dag.py:2931} INFO - Setting next_dagrun for example_sla_dag to 2022-06-06T14:02:00+00:00, run_after=2022-06-06T14:04:00+00:00
[2022-06-06 14:05:59,340] {processor.py:161} INFO - Processing /home/airflow/.local/lib/python3.7/site-packages/airflow/example_dags/example_sla_dag.py took 0.629 seconds
[2022-06-06 14:06:29,514] {processor.py:153} INFO - Started process (PID=651) to work on /home/airflow/.local/lib/python3.7/site-packages/airflow/example_dags/example_sla_dag.py
[2022-06-06 14:06:29,532] {processor.py:641} INFO - Processing file /home/airflow/.local/lib/python3.7/site-packages/airflow/example_dags/example_sla_dag.py for tasks to queue
[2022-06-06 14:06:29,533] {logging_mixin.py:115} INFO - [2022-06-06 14:06:29,533] {dagbag.py:507} INFO - Filling up the DagBag from /home/airflow/.local/lib/python3.7/site-packages/airflow/example_dags/example_sla_dag.py
[2022-06-06 14:06:29,734] {processor.py:651} INFO - DAG(s) dict_keys(['example_sla_dag']) retrieved from /home/airflow/.local/lib/python3.7/site-packages/airflow/example_dags/example_sla_dag.py
[2022-06-06 14:06:29,810] {logging_mixin.py:115} INFO - [2022-06-06 14:06:29,810] {dag.py:2379} INFO - Sync 1 DAGs
[2022-06-06 14:06:30,200] {logging_mixin.py:115} INFO - [2022-06-06 14:06:30,200] {dag.py:2931} INFO - Setting next_dagrun for example_sla_dag to 2022-06-06T14:04:00+00:00, run_after=2022-06-06T14:06:00+00:00
[2022-06-06 14:06:30,243] {processor.py:161} INFO - Processing /home/airflow/.local/lib/python3.7/site-packages/airflow/example_dags/example_sla_dag.py took 0.740 seconds
[2022-06-06 14:07:01,556] {processor.py:153} INFO - Started process (PID=705) to work on /home/airflow/.local/lib/python3.7/site-packages/airflow/example_dags/example_sla_dag.py
[2022-06-06 14:07:01,564] {processor.py:641} INFO - Processing file /home/airflow/.local/lib/python3.7/site-packages/airflow/example_dags/example_sla_dag.py for tasks to queue
[2022-06-06 14:07:01,565] {logging_mixin.py:115} INFO - [2022-06-06 14:07:01,565] {dagbag.py:507} INFO - Filling up the DagBag from /home/airflow/.local/lib/python3.7/site-packages/airflow/example_dags/example_sla_dag.py
[2022-06-06 14:07:01,602] {processor.py:651} INFO - DAG(s) dict_keys(['example_sla_dag']) retrieved from /home/airflow/.local/lib/python3.7/site-packages/airflow/example_dags/example_sla_dag.py
[2022-06-06 14:07:01,660] {logging_mixin.py:115} INFO - [2022-06-06 14:07:01,659] {dag.py:2379} INFO - Sync 1 DAGs
[2022-06-06 14:07:01,898] {logging_mixin.py:115} INFO - [2022-06-06 14:07:01,898] {dag.py:2931} INFO - Setting next_dagrun for example_sla_dag to 2022-06-06T14:04:00+00:00, run_after=2022-06-06T14:06:00+00:00
[2022-06-06 14:07:01,927] {processor.py:161} INFO - Processing /home/airflow/.local/lib/python3.7/site-packages/airflow/example_dags/example_sla_dag.py took 0.376 seconds
