[2022-06-06 13:57:51,728] {processor.py:153} INFO - Started process (PID=64) to work on /home/airflow/.local/lib/python3.7/site-packages/airflow/example_dags/example_task_group.py
[2022-06-06 13:57:51,728] {processor.py:641} INFO - Processing file /home/airflow/.local/lib/python3.7/site-packages/airflow/example_dags/example_task_group.py for tasks to queue
[2022-06-06 13:57:51,729] {logging_mixin.py:115} INFO - [2022-06-06 13:57:51,729] {dagbag.py:507} INFO - Filling up the DagBag from /home/airflow/.local/lib/python3.7/site-packages/airflow/example_dags/example_task_group.py
[2022-06-06 13:57:51,757] {processor.py:651} INFO - DAG(s) dict_keys(['example_task_group']) retrieved from /home/airflow/.local/lib/python3.7/site-packages/airflow/example_dags/example_task_group.py
[2022-06-06 13:57:52,329] {logging_mixin.py:115} INFO - [2022-06-06 13:57:52,329] {manager.py:508} INFO - Created Permission View: can read on DAG:example_task_group
[2022-06-06 13:57:52,366] {logging_mixin.py:115} INFO - [2022-06-06 13:57:52,366] {manager.py:508} INFO - Created Permission View: can edit on DAG:example_task_group
[2022-06-06 13:57:52,383] {logging_mixin.py:115} INFO - [2022-06-06 13:57:52,383] {manager.py:508} INFO - Created Permission View: can delete on DAG:example_task_group
[2022-06-06 13:57:52,383] {logging_mixin.py:115} INFO - [2022-06-06 13:57:52,383] {dag.py:2379} INFO - Sync 1 DAGs
[2022-06-06 13:57:52,425] {logging_mixin.py:115} INFO - [2022-06-06 13:57:52,425] {dag.py:2398} INFO - Creating ORM DAG for example_task_group
[2022-06-06 13:57:52,539] {logging_mixin.py:115} INFO - [2022-06-06 13:57:52,532] {dag.py:2931} INFO - Setting next_dagrun for example_task_group to 2022-06-05T13:57:52.532302+00:00, run_after=2022-06-06T13:57:52.532302+00:00
[2022-06-06 13:57:52,662] {processor.py:161} INFO - Processing /home/airflow/.local/lib/python3.7/site-packages/airflow/example_dags/example_task_group.py took 0.940 seconds
[2022-06-06 14:00:05,227] {processor.py:153} INFO - Started process (PID=98) to work on /home/airflow/.local/lib/python3.7/site-packages/airflow/example_dags/example_task_group.py
[2022-06-06 14:00:05,230] {processor.py:641} INFO - Processing file /home/airflow/.local/lib/python3.7/site-packages/airflow/example_dags/example_task_group.py for tasks to queue
[2022-06-06 14:00:05,231] {logging_mixin.py:115} INFO - [2022-06-06 14:00:05,231] {dagbag.py:507} INFO - Filling up the DagBag from /home/airflow/.local/lib/python3.7/site-packages/airflow/example_dags/example_task_group.py
[2022-06-06 14:00:05,258] {processor.py:651} INFO - DAG(s) dict_keys(['example_task_group']) retrieved from /home/airflow/.local/lib/python3.7/site-packages/airflow/example_dags/example_task_group.py
[2022-06-06 14:00:05,480] {logging_mixin.py:115} INFO - [2022-06-06 14:00:05,473] {dag.py:2379} INFO - Sync 1 DAGs
[2022-06-06 14:00:05,928] {logging_mixin.py:115} INFO - [2022-06-06 14:00:05,927] {dag.py:2931} INFO - Setting next_dagrun for example_task_group to 2022-06-05T14:00:05.757290+00:00, run_after=2022-06-06T14:00:05.757290+00:00
[2022-06-06 14:00:06,048] {processor.py:161} INFO - Processing /home/airflow/.local/lib/python3.7/site-packages/airflow/example_dags/example_task_group.py took 0.838 seconds
[2022-06-06 14:01:40,540] {processor.py:153} INFO - Started process (PID=142) to work on /home/airflow/.local/lib/python3.7/site-packages/airflow/example_dags/example_task_group.py
[2022-06-06 14:01:40,543] {processor.py:641} INFO - Processing file /home/airflow/.local/lib/python3.7/site-packages/airflow/example_dags/example_task_group.py for tasks to queue
[2022-06-06 14:01:40,544] {logging_mixin.py:115} INFO - [2022-06-06 14:01:40,544] {dagbag.py:507} INFO - Filling up the DagBag from /home/airflow/.local/lib/python3.7/site-packages/airflow/example_dags/example_task_group.py
[2022-06-06 14:01:40,563] {processor.py:651} INFO - DAG(s) dict_keys(['example_task_group']) retrieved from /home/airflow/.local/lib/python3.7/site-packages/airflow/example_dags/example_task_group.py
[2022-06-06 14:01:40,608] {logging_mixin.py:115} INFO - [2022-06-06 14:01:40,607] {dag.py:2379} INFO - Sync 1 DAGs
[2022-06-06 14:01:40,657] {logging_mixin.py:115} INFO - [2022-06-06 14:01:40,657] {dag.py:2931} INFO - Setting next_dagrun for example_task_group to 2022-06-05T14:01:40.657031+00:00, run_after=2022-06-06T14:01:40.657031+00:00
[2022-06-06 14:01:40,680] {processor.py:161} INFO - Processing /home/airflow/.local/lib/python3.7/site-packages/airflow/example_dags/example_task_group.py took 0.145 seconds
[2022-06-06 14:02:12,448] {processor.py:153} INFO - Started process (PID=203) to work on /home/airflow/.local/lib/python3.7/site-packages/airflow/example_dags/example_task_group.py
[2022-06-06 14:02:12,454] {processor.py:641} INFO - Processing file /home/airflow/.local/lib/python3.7/site-packages/airflow/example_dags/example_task_group.py for tasks to queue
[2022-06-06 14:02:12,454] {logging_mixin.py:115} INFO - [2022-06-06 14:02:12,454] {dagbag.py:507} INFO - Filling up the DagBag from /home/airflow/.local/lib/python3.7/site-packages/airflow/example_dags/example_task_group.py
[2022-06-06 14:02:12,504] {processor.py:651} INFO - DAG(s) dict_keys(['example_task_group']) retrieved from /home/airflow/.local/lib/python3.7/site-packages/airflow/example_dags/example_task_group.py
[2022-06-06 14:02:12,561] {logging_mixin.py:115} INFO - [2022-06-06 14:02:12,561] {dag.py:2379} INFO - Sync 1 DAGs
[2022-06-06 14:02:12,605] {logging_mixin.py:115} INFO - [2022-06-06 14:02:12,605] {dag.py:2931} INFO - Setting next_dagrun for example_task_group to 2022-06-05T14:02:12.605100+00:00, run_after=2022-06-06T14:02:12.605100+00:00
[2022-06-06 14:02:12,632] {processor.py:161} INFO - Processing /home/airflow/.local/lib/python3.7/site-packages/airflow/example_dags/example_task_group.py took 0.189 seconds
[2022-06-06 14:02:42,743] {processor.py:153} INFO - Started process (PID=255) to work on /home/airflow/.local/lib/python3.7/site-packages/airflow/example_dags/example_task_group.py
[2022-06-06 14:02:42,743] {processor.py:641} INFO - Processing file /home/airflow/.local/lib/python3.7/site-packages/airflow/example_dags/example_task_group.py for tasks to queue
[2022-06-06 14:02:42,744] {logging_mixin.py:115} INFO - [2022-06-06 14:02:42,744] {dagbag.py:507} INFO - Filling up the DagBag from /home/airflow/.local/lib/python3.7/site-packages/airflow/example_dags/example_task_group.py
[2022-06-06 14:02:42,753] {processor.py:651} INFO - DAG(s) dict_keys(['example_task_group']) retrieved from /home/airflow/.local/lib/python3.7/site-packages/airflow/example_dags/example_task_group.py
[2022-06-06 14:02:42,787] {logging_mixin.py:115} INFO - [2022-06-06 14:02:42,787] {dag.py:2379} INFO - Sync 1 DAGs
[2022-06-06 14:02:42,822] {logging_mixin.py:115} INFO - [2022-06-06 14:02:42,822] {dag.py:2931} INFO - Setting next_dagrun for example_task_group to 2022-06-05T14:02:42.822155+00:00, run_after=2022-06-06T14:02:42.822155+00:00
[2022-06-06 14:02:42,990] {processor.py:161} INFO - Processing /home/airflow/.local/lib/python3.7/site-packages/airflow/example_dags/example_task_group.py took 0.251 seconds
[2022-06-06 14:03:18,570] {processor.py:153} INFO - Started process (PID=315) to work on /home/airflow/.local/lib/python3.7/site-packages/airflow/example_dags/example_task_group.py
[2022-06-06 14:03:18,572] {processor.py:641} INFO - Processing file /home/airflow/.local/lib/python3.7/site-packages/airflow/example_dags/example_task_group.py for tasks to queue
[2022-06-06 14:03:18,573] {logging_mixin.py:115} INFO - [2022-06-06 14:03:18,573] {dagbag.py:507} INFO - Filling up the DagBag from /home/airflow/.local/lib/python3.7/site-packages/airflow/example_dags/example_task_group.py
[2022-06-06 14:03:18,593] {processor.py:651} INFO - DAG(s) dict_keys(['example_task_group']) retrieved from /home/airflow/.local/lib/python3.7/site-packages/airflow/example_dags/example_task_group.py
[2022-06-06 14:03:18,711] {logging_mixin.py:115} INFO - [2022-06-06 14:03:18,711] {dag.py:2379} INFO - Sync 1 DAGs
[2022-06-06 14:03:18,844] {logging_mixin.py:115} INFO - [2022-06-06 14:03:18,844] {dag.py:2931} INFO - Setting next_dagrun for example_task_group to 2022-06-05T14:03:18.843992+00:00, run_after=2022-06-06T14:03:18.843992+00:00
[2022-06-06 14:03:19,304] {processor.py:161} INFO - Processing /home/airflow/.local/lib/python3.7/site-packages/airflow/example_dags/example_task_group.py took 0.738 seconds
[2022-06-06 14:03:50,304] {processor.py:153} INFO - Started process (PID=366) to work on /home/airflow/.local/lib/python3.7/site-packages/airflow/example_dags/example_task_group.py
[2022-06-06 14:03:50,305] {processor.py:641} INFO - Processing file /home/airflow/.local/lib/python3.7/site-packages/airflow/example_dags/example_task_group.py for tasks to queue
[2022-06-06 14:03:50,306] {logging_mixin.py:115} INFO - [2022-06-06 14:03:50,306] {dagbag.py:507} INFO - Filling up the DagBag from /home/airflow/.local/lib/python3.7/site-packages/airflow/example_dags/example_task_group.py
[2022-06-06 14:03:50,335] {processor.py:651} INFO - DAG(s) dict_keys(['example_task_group']) retrieved from /home/airflow/.local/lib/python3.7/site-packages/airflow/example_dags/example_task_group.py
[2022-06-06 14:03:50,390] {logging_mixin.py:115} INFO - [2022-06-06 14:03:50,390] {dag.py:2379} INFO - Sync 1 DAGs
[2022-06-06 14:03:50,436] {logging_mixin.py:115} INFO - [2022-06-06 14:03:50,436] {dag.py:2931} INFO - Setting next_dagrun for example_task_group to 2022-06-05T14:03:50.435914+00:00, run_after=2022-06-06T14:03:50.435914+00:00
[2022-06-06 14:03:50,792] {processor.py:161} INFO - Processing /home/airflow/.local/lib/python3.7/site-packages/airflow/example_dags/example_task_group.py took 0.496 seconds
[2022-06-06 14:04:20,941] {processor.py:153} INFO - Started process (PID=418) to work on /home/airflow/.local/lib/python3.7/site-packages/airflow/example_dags/example_task_group.py
[2022-06-06 14:04:20,942] {processor.py:641} INFO - Processing file /home/airflow/.local/lib/python3.7/site-packages/airflow/example_dags/example_task_group.py for tasks to queue
[2022-06-06 14:04:20,943] {logging_mixin.py:115} INFO - [2022-06-06 14:04:20,943] {dagbag.py:507} INFO - Filling up the DagBag from /home/airflow/.local/lib/python3.7/site-packages/airflow/example_dags/example_task_group.py
[2022-06-06 14:04:20,967] {processor.py:651} INFO - DAG(s) dict_keys(['example_task_group']) retrieved from /home/airflow/.local/lib/python3.7/site-packages/airflow/example_dags/example_task_group.py
[2022-06-06 14:04:21,029] {logging_mixin.py:115} INFO - [2022-06-06 14:04:21,029] {dag.py:2379} INFO - Sync 1 DAGs
[2022-06-06 14:04:21,111] {logging_mixin.py:115} INFO - [2022-06-06 14:04:21,111] {dag.py:2931} INFO - Setting next_dagrun for example_task_group to 2022-06-05T14:04:21.109350+00:00, run_after=2022-06-06T14:04:21.109350+00:00
[2022-06-06 14:04:21,560] {processor.py:161} INFO - Processing /home/airflow/.local/lib/python3.7/site-packages/airflow/example_dags/example_task_group.py took 0.627 seconds
[2022-06-06 14:04:51,961] {processor.py:153} INFO - Started process (PID=470) to work on /home/airflow/.local/lib/python3.7/site-packages/airflow/example_dags/example_task_group.py
[2022-06-06 14:04:51,964] {processor.py:641} INFO - Processing file /home/airflow/.local/lib/python3.7/site-packages/airflow/example_dags/example_task_group.py for tasks to queue
[2022-06-06 14:04:51,964] {logging_mixin.py:115} INFO - [2022-06-06 14:04:51,964] {dagbag.py:507} INFO - Filling up the DagBag from /home/airflow/.local/lib/python3.7/site-packages/airflow/example_dags/example_task_group.py
[2022-06-06 14:04:51,974] {processor.py:651} INFO - DAG(s) dict_keys(['example_task_group']) retrieved from /home/airflow/.local/lib/python3.7/site-packages/airflow/example_dags/example_task_group.py
[2022-06-06 14:04:52,017] {logging_mixin.py:115} INFO - [2022-06-06 14:04:52,017] {dag.py:2379} INFO - Sync 1 DAGs
[2022-06-06 14:04:52,057] {logging_mixin.py:115} INFO - [2022-06-06 14:04:52,056] {dag.py:2931} INFO - Setting next_dagrun for example_task_group to 2022-06-05T14:04:52.056566+00:00, run_after=2022-06-06T14:04:52.056566+00:00
[2022-06-06 14:04:52,272] {processor.py:161} INFO - Processing /home/airflow/.local/lib/python3.7/site-packages/airflow/example_dags/example_task_group.py took 0.315 seconds
[2022-06-06 14:05:22,438] {processor.py:153} INFO - Started process (PID=530) to work on /home/airflow/.local/lib/python3.7/site-packages/airflow/example_dags/example_task_group.py
[2022-06-06 14:05:22,445] {processor.py:641} INFO - Processing file /home/airflow/.local/lib/python3.7/site-packages/airflow/example_dags/example_task_group.py for tasks to queue
[2022-06-06 14:05:22,446] {logging_mixin.py:115} INFO - [2022-06-06 14:05:22,446] {dagbag.py:507} INFO - Filling up the DagBag from /home/airflow/.local/lib/python3.7/site-packages/airflow/example_dags/example_task_group.py
[2022-06-06 14:05:22,493] {processor.py:651} INFO - DAG(s) dict_keys(['example_task_group']) retrieved from /home/airflow/.local/lib/python3.7/site-packages/airflow/example_dags/example_task_group.py
[2022-06-06 14:05:22,563] {logging_mixin.py:115} INFO - [2022-06-06 14:05:22,563] {dag.py:2379} INFO - Sync 1 DAGs
[2022-06-06 14:05:22,633] {logging_mixin.py:115} INFO - [2022-06-06 14:05:22,633] {dag.py:2931} INFO - Setting next_dagrun for example_task_group to 2022-06-05T14:05:22.633396+00:00, run_after=2022-06-06T14:05:22.633396+00:00
[2022-06-06 14:05:22,958] {processor.py:161} INFO - Processing /home/airflow/.local/lib/python3.7/site-packages/airflow/example_dags/example_task_group.py took 0.528 seconds
[2022-06-06 14:05:53,123] {processor.py:153} INFO - Started process (PID=581) to work on /home/airflow/.local/lib/python3.7/site-packages/airflow/example_dags/example_task_group.py
[2022-06-06 14:05:53,123] {processor.py:641} INFO - Processing file /home/airflow/.local/lib/python3.7/site-packages/airflow/example_dags/example_task_group.py for tasks to queue
[2022-06-06 14:05:53,124] {logging_mixin.py:115} INFO - [2022-06-06 14:05:53,124] {dagbag.py:507} INFO - Filling up the DagBag from /home/airflow/.local/lib/python3.7/site-packages/airflow/example_dags/example_task_group.py
[2022-06-06 14:05:53,135] {processor.py:651} INFO - DAG(s) dict_keys(['example_task_group']) retrieved from /home/airflow/.local/lib/python3.7/site-packages/airflow/example_dags/example_task_group.py
[2022-06-06 14:05:53,176] {logging_mixin.py:115} INFO - [2022-06-06 14:05:53,176] {dag.py:2379} INFO - Sync 1 DAGs
[2022-06-06 14:05:53,212] {logging_mixin.py:115} INFO - [2022-06-06 14:05:53,212] {dag.py:2931} INFO - Setting next_dagrun for example_task_group to 2022-06-05T14:05:53.211666+00:00, run_after=2022-06-06T14:05:53.211666+00:00
[2022-06-06 14:05:53,381] {processor.py:161} INFO - Processing /home/airflow/.local/lib/python3.7/site-packages/airflow/example_dags/example_task_group.py took 0.262 seconds
[2022-06-06 14:06:24,074] {processor.py:153} INFO - Started process (PID=633) to work on /home/airflow/.local/lib/python3.7/site-packages/airflow/example_dags/example_task_group.py
[2022-06-06 14:06:24,075] {processor.py:641} INFO - Processing file /home/airflow/.local/lib/python3.7/site-packages/airflow/example_dags/example_task_group.py for tasks to queue
[2022-06-06 14:06:24,076] {logging_mixin.py:115} INFO - [2022-06-06 14:06:24,076] {dagbag.py:507} INFO - Filling up the DagBag from /home/airflow/.local/lib/python3.7/site-packages/airflow/example_dags/example_task_group.py
[2022-06-06 14:06:24,088] {processor.py:651} INFO - DAG(s) dict_keys(['example_task_group']) retrieved from /home/airflow/.local/lib/python3.7/site-packages/airflow/example_dags/example_task_group.py
[2022-06-06 14:06:24,129] {logging_mixin.py:115} INFO - [2022-06-06 14:06:24,129] {dag.py:2379} INFO - Sync 1 DAGs
[2022-06-06 14:06:24,174] {logging_mixin.py:115} INFO - [2022-06-06 14:06:24,174] {dag.py:2931} INFO - Setting next_dagrun for example_task_group to 2022-06-05T14:06:24.174159+00:00, run_after=2022-06-06T14:06:24.174159+00:00
[2022-06-06 14:06:24,359] {processor.py:161} INFO - Processing /home/airflow/.local/lib/python3.7/site-packages/airflow/example_dags/example_task_group.py took 0.290 seconds
[2022-06-06 14:06:55,048] {processor.py:153} INFO - Started process (PID=686) to work on /home/airflow/.local/lib/python3.7/site-packages/airflow/example_dags/example_task_group.py
[2022-06-06 14:06:55,049] {processor.py:641} INFO - Processing file /home/airflow/.local/lib/python3.7/site-packages/airflow/example_dags/example_task_group.py for tasks to queue
[2022-06-06 14:06:55,049] {logging_mixin.py:115} INFO - [2022-06-06 14:06:55,049] {dagbag.py:507} INFO - Filling up the DagBag from /home/airflow/.local/lib/python3.7/site-packages/airflow/example_dags/example_task_group.py
[2022-06-06 14:06:55,060] {processor.py:651} INFO - DAG(s) dict_keys(['example_task_group']) retrieved from /home/airflow/.local/lib/python3.7/site-packages/airflow/example_dags/example_task_group.py
[2022-06-06 14:06:55,106] {logging_mixin.py:115} INFO - [2022-06-06 14:06:55,106] {dag.py:2379} INFO - Sync 1 DAGs
[2022-06-06 14:06:55,152] {logging_mixin.py:115} INFO - [2022-06-06 14:06:55,152] {dag.py:2931} INFO - Setting next_dagrun for example_task_group to 2022-06-05T14:06:55.152327+00:00, run_after=2022-06-06T14:06:55.152327+00:00
[2022-06-06 14:06:55,333] {processor.py:161} INFO - Processing /home/airflow/.local/lib/python3.7/site-packages/airflow/example_dags/example_task_group.py took 0.290 seconds
