[2022-06-06 13:59:56,373] {processor.py:153} INFO - Started process (PID=82) to work on /home/airflow/.local/lib/python3.7/site-packages/airflow/example_dags/example_time_delta_sensor_async.py
[2022-06-06 13:59:56,374] {processor.py:641} INFO - Processing file /home/airflow/.local/lib/python3.7/site-packages/airflow/example_dags/example_time_delta_sensor_async.py for tasks to queue
[2022-06-06 13:59:56,375] {logging_mixin.py:115} INFO - [2022-06-06 13:59:56,374] {dagbag.py:507} INFO - Filling up the DagBag from /home/airflow/.local/lib/python3.7/site-packages/airflow/example_dags/example_time_delta_sensor_async.py
[2022-06-06 13:59:56,386] {processor.py:651} INFO - DAG(s) dict_keys(['example_time_delta_sensor_async']) retrieved from /home/airflow/.local/lib/python3.7/site-packages/airflow/example_dags/example_time_delta_sensor_async.py
[2022-06-06 13:59:57,217] {logging_mixin.py:115} INFO - [2022-06-06 13:59:57,217] {manager.py:508} INFO - Created Permission View: can read on DAG:example_time_delta_sensor_async
[2022-06-06 13:59:57,246] {logging_mixin.py:115} INFO - [2022-06-06 13:59:57,246] {manager.py:508} INFO - Created Permission View: can edit on DAG:example_time_delta_sensor_async
[2022-06-06 13:59:57,277] {logging_mixin.py:115} INFO - [2022-06-06 13:59:57,276] {manager.py:508} INFO - Created Permission View: can delete on DAG:example_time_delta_sensor_async
[2022-06-06 13:59:57,277] {logging_mixin.py:115} INFO - [2022-06-06 13:59:57,277] {dag.py:2379} INFO - Sync 1 DAGs
[2022-06-06 13:59:57,296] {logging_mixin.py:115} INFO - [2022-06-06 13:59:57,296] {dag.py:2398} INFO - Creating ORM DAG for example_time_delta_sensor_async
[2022-06-06 13:59:57,335] {logging_mixin.py:115} INFO - [2022-06-06 13:59:57,335] {dag.py:2931} INFO - Setting next_dagrun for example_time_delta_sensor_async to None, run_after=None
[2022-06-06 13:59:57,374] {processor.py:161} INFO - Processing /home/airflow/.local/lib/python3.7/site-packages/airflow/example_dags/example_time_delta_sensor_async.py took 1.005 seconds
[2022-06-06 14:01:46,085] {processor.py:153} INFO - Started process (PID=163) to work on /home/airflow/.local/lib/python3.7/site-packages/airflow/example_dags/example_time_delta_sensor_async.py
[2022-06-06 14:01:46,088] {processor.py:641} INFO - Processing file /home/airflow/.local/lib/python3.7/site-packages/airflow/example_dags/example_time_delta_sensor_async.py for tasks to queue
[2022-06-06 14:01:46,089] {logging_mixin.py:115} INFO - [2022-06-06 14:01:46,089] {dagbag.py:507} INFO - Filling up the DagBag from /home/airflow/.local/lib/python3.7/site-packages/airflow/example_dags/example_time_delta_sensor_async.py
[2022-06-06 14:01:46,104] {processor.py:651} INFO - DAG(s) dict_keys(['example_time_delta_sensor_async']) retrieved from /home/airflow/.local/lib/python3.7/site-packages/airflow/example_dags/example_time_delta_sensor_async.py
[2022-06-06 14:01:46,321] {logging_mixin.py:115} INFO - [2022-06-06 14:01:46,321] {dag.py:2379} INFO - Sync 1 DAGs
[2022-06-06 14:01:46,424] {logging_mixin.py:115} INFO - [2022-06-06 14:01:46,424] {dag.py:2931} INFO - Setting next_dagrun for example_time_delta_sensor_async to None, run_after=None
[2022-06-06 14:01:46,474] {processor.py:161} INFO - Processing /home/airflow/.local/lib/python3.7/site-packages/airflow/example_dags/example_time_delta_sensor_async.py took 0.394 seconds
[2022-06-06 14:02:16,582] {processor.py:153} INFO - Started process (PID=215) to work on /home/airflow/.local/lib/python3.7/site-packages/airflow/example_dags/example_time_delta_sensor_async.py
[2022-06-06 14:02:16,582] {processor.py:641} INFO - Processing file /home/airflow/.local/lib/python3.7/site-packages/airflow/example_dags/example_time_delta_sensor_async.py for tasks to queue
[2022-06-06 14:02:16,583] {logging_mixin.py:115} INFO - [2022-06-06 14:02:16,583] {dagbag.py:507} INFO - Filling up the DagBag from /home/airflow/.local/lib/python3.7/site-packages/airflow/example_dags/example_time_delta_sensor_async.py
[2022-06-06 14:02:16,589] {processor.py:651} INFO - DAG(s) dict_keys(['example_time_delta_sensor_async']) retrieved from /home/airflow/.local/lib/python3.7/site-packages/airflow/example_dags/example_time_delta_sensor_async.py
[2022-06-06 14:02:16,635] {logging_mixin.py:115} INFO - [2022-06-06 14:02:16,634] {dag.py:2379} INFO - Sync 1 DAGs
[2022-06-06 14:02:16,666] {logging_mixin.py:115} INFO - [2022-06-06 14:02:16,666] {dag.py:2931} INFO - Setting next_dagrun for example_time_delta_sensor_async to None, run_after=None
[2022-06-06 14:02:16,687] {processor.py:161} INFO - Processing /home/airflow/.local/lib/python3.7/site-packages/airflow/example_dags/example_time_delta_sensor_async.py took 0.109 seconds
[2022-06-06 14:02:47,447] {processor.py:153} INFO - Started process (PID=267) to work on /home/airflow/.local/lib/python3.7/site-packages/airflow/example_dags/example_time_delta_sensor_async.py
[2022-06-06 14:02:47,448] {processor.py:641} INFO - Processing file /home/airflow/.local/lib/python3.7/site-packages/airflow/example_dags/example_time_delta_sensor_async.py for tasks to queue
[2022-06-06 14:02:47,449] {logging_mixin.py:115} INFO - [2022-06-06 14:02:47,448] {dagbag.py:507} INFO - Filling up the DagBag from /home/airflow/.local/lib/python3.7/site-packages/airflow/example_dags/example_time_delta_sensor_async.py
[2022-06-06 14:02:47,462] {processor.py:651} INFO - DAG(s) dict_keys(['example_time_delta_sensor_async']) retrieved from /home/airflow/.local/lib/python3.7/site-packages/airflow/example_dags/example_time_delta_sensor_async.py
[2022-06-06 14:02:47,550] {logging_mixin.py:115} INFO - [2022-06-06 14:02:47,550] {dag.py:2379} INFO - Sync 1 DAGs
[2022-06-06 14:02:47,599] {logging_mixin.py:115} INFO - [2022-06-06 14:02:47,599] {dag.py:2931} INFO - Setting next_dagrun for example_time_delta_sensor_async to None, run_after=None
[2022-06-06 14:02:47,624] {processor.py:161} INFO - Processing /home/airflow/.local/lib/python3.7/site-packages/airflow/example_dags/example_time_delta_sensor_async.py took 0.182 seconds
[2022-06-06 14:03:22,975] {processor.py:153} INFO - Started process (PID=327) to work on /home/airflow/.local/lib/python3.7/site-packages/airflow/example_dags/example_time_delta_sensor_async.py
[2022-06-06 14:03:22,976] {processor.py:641} INFO - Processing file /home/airflow/.local/lib/python3.7/site-packages/airflow/example_dags/example_time_delta_sensor_async.py for tasks to queue
[2022-06-06 14:03:22,977] {logging_mixin.py:115} INFO - [2022-06-06 14:03:22,977] {dagbag.py:507} INFO - Filling up the DagBag from /home/airflow/.local/lib/python3.7/site-packages/airflow/example_dags/example_time_delta_sensor_async.py
[2022-06-06 14:03:22,985] {processor.py:651} INFO - DAG(s) dict_keys(['example_time_delta_sensor_async']) retrieved from /home/airflow/.local/lib/python3.7/site-packages/airflow/example_dags/example_time_delta_sensor_async.py
[2022-06-06 14:03:23,078] {logging_mixin.py:115} INFO - [2022-06-06 14:03:23,078] {dag.py:2379} INFO - Sync 1 DAGs
[2022-06-06 14:03:23,140] {logging_mixin.py:115} INFO - [2022-06-06 14:03:23,139] {dag.py:2931} INFO - Setting next_dagrun for example_time_delta_sensor_async to None, run_after=None
[2022-06-06 14:03:23,168] {processor.py:161} INFO - Processing /home/airflow/.local/lib/python3.7/site-packages/airflow/example_dags/example_time_delta_sensor_async.py took 0.202 seconds
[2022-06-06 14:03:54,519] {processor.py:153} INFO - Started process (PID=378) to work on /home/airflow/.local/lib/python3.7/site-packages/airflow/example_dags/example_time_delta_sensor_async.py
[2022-06-06 14:03:54,526] {processor.py:641} INFO - Processing file /home/airflow/.local/lib/python3.7/site-packages/airflow/example_dags/example_time_delta_sensor_async.py for tasks to queue
[2022-06-06 14:03:54,527] {logging_mixin.py:115} INFO - [2022-06-06 14:03:54,527] {dagbag.py:507} INFO - Filling up the DagBag from /home/airflow/.local/lib/python3.7/site-packages/airflow/example_dags/example_time_delta_sensor_async.py
[2022-06-06 14:03:54,566] {processor.py:651} INFO - DAG(s) dict_keys(['example_time_delta_sensor_async']) retrieved from /home/airflow/.local/lib/python3.7/site-packages/airflow/example_dags/example_time_delta_sensor_async.py
[2022-06-06 14:03:54,763] {logging_mixin.py:115} INFO - [2022-06-06 14:03:54,763] {dag.py:2379} INFO - Sync 1 DAGs
[2022-06-06 14:03:54,900] {logging_mixin.py:115} INFO - [2022-06-06 14:03:54,900] {dag.py:2931} INFO - Setting next_dagrun for example_time_delta_sensor_async to None, run_after=None
[2022-06-06 14:03:54,984] {processor.py:161} INFO - Processing /home/airflow/.local/lib/python3.7/site-packages/airflow/example_dags/example_time_delta_sensor_async.py took 0.470 seconds
[2022-06-06 14:04:25,079] {processor.py:153} INFO - Started process (PID=430) to work on /home/airflow/.local/lib/python3.7/site-packages/airflow/example_dags/example_time_delta_sensor_async.py
[2022-06-06 14:04:25,085] {processor.py:641} INFO - Processing file /home/airflow/.local/lib/python3.7/site-packages/airflow/example_dags/example_time_delta_sensor_async.py for tasks to queue
[2022-06-06 14:04:25,085] {logging_mixin.py:115} INFO - [2022-06-06 14:04:25,085] {dagbag.py:507} INFO - Filling up the DagBag from /home/airflow/.local/lib/python3.7/site-packages/airflow/example_dags/example_time_delta_sensor_async.py
[2022-06-06 14:04:25,095] {processor.py:651} INFO - DAG(s) dict_keys(['example_time_delta_sensor_async']) retrieved from /home/airflow/.local/lib/python3.7/site-packages/airflow/example_dags/example_time_delta_sensor_async.py
[2022-06-06 14:04:25,248] {logging_mixin.py:115} INFO - [2022-06-06 14:04:25,248] {dag.py:2379} INFO - Sync 1 DAGs
[2022-06-06 14:04:25,336] {logging_mixin.py:115} INFO - [2022-06-06 14:04:25,336] {dag.py:2931} INFO - Setting next_dagrun for example_time_delta_sensor_async to None, run_after=None
[2022-06-06 14:04:25,373] {processor.py:161} INFO - Processing /home/airflow/.local/lib/python3.7/site-packages/airflow/example_dags/example_time_delta_sensor_async.py took 0.299 seconds
[2022-06-06 14:04:56,714] {processor.py:153} INFO - Started process (PID=490) to work on /home/airflow/.local/lib/python3.7/site-packages/airflow/example_dags/example_time_delta_sensor_async.py
[2022-06-06 14:04:56,720] {processor.py:641} INFO - Processing file /home/airflow/.local/lib/python3.7/site-packages/airflow/example_dags/example_time_delta_sensor_async.py for tasks to queue
[2022-06-06 14:04:56,721] {logging_mixin.py:115} INFO - [2022-06-06 14:04:56,721] {dagbag.py:507} INFO - Filling up the DagBag from /home/airflow/.local/lib/python3.7/site-packages/airflow/example_dags/example_time_delta_sensor_async.py
[2022-06-06 14:04:56,736] {processor.py:651} INFO - DAG(s) dict_keys(['example_time_delta_sensor_async']) retrieved from /home/airflow/.local/lib/python3.7/site-packages/airflow/example_dags/example_time_delta_sensor_async.py
[2022-06-06 14:04:56,824] {logging_mixin.py:115} INFO - [2022-06-06 14:04:56,823] {dag.py:2379} INFO - Sync 1 DAGs
[2022-06-06 14:04:56,892] {logging_mixin.py:115} INFO - [2022-06-06 14:04:56,892] {dag.py:2931} INFO - Setting next_dagrun for example_time_delta_sensor_async to None, run_after=None
[2022-06-06 14:04:56,920] {processor.py:161} INFO - Processing /home/airflow/.local/lib/python3.7/site-packages/airflow/example_dags/example_time_delta_sensor_async.py took 0.214 seconds
[2022-06-06 14:05:27,162] {processor.py:153} INFO - Started process (PID=542) to work on /home/airflow/.local/lib/python3.7/site-packages/airflow/example_dags/example_time_delta_sensor_async.py
[2022-06-06 14:05:27,164] {processor.py:641} INFO - Processing file /home/airflow/.local/lib/python3.7/site-packages/airflow/example_dags/example_time_delta_sensor_async.py for tasks to queue
[2022-06-06 14:05:27,164] {logging_mixin.py:115} INFO - [2022-06-06 14:05:27,164] {dagbag.py:507} INFO - Filling up the DagBag from /home/airflow/.local/lib/python3.7/site-packages/airflow/example_dags/example_time_delta_sensor_async.py
[2022-06-06 14:05:27,176] {processor.py:651} INFO - DAG(s) dict_keys(['example_time_delta_sensor_async']) retrieved from /home/airflow/.local/lib/python3.7/site-packages/airflow/example_dags/example_time_delta_sensor_async.py
[2022-06-06 14:05:27,341] {logging_mixin.py:115} INFO - [2022-06-06 14:05:27,341] {dag.py:2379} INFO - Sync 1 DAGs
[2022-06-06 14:05:27,400] {logging_mixin.py:115} INFO - [2022-06-06 14:05:27,400] {dag.py:2931} INFO - Setting next_dagrun for example_time_delta_sensor_async to None, run_after=None
[2022-06-06 14:05:27,437] {processor.py:161} INFO - Processing /home/airflow/.local/lib/python3.7/site-packages/airflow/example_dags/example_time_delta_sensor_async.py took 0.282 seconds
[2022-06-06 14:05:59,371] {processor.py:153} INFO - Started process (PID=593) to work on /home/airflow/.local/lib/python3.7/site-packages/airflow/example_dags/example_time_delta_sensor_async.py
[2022-06-06 14:05:59,373] {processor.py:641} INFO - Processing file /home/airflow/.local/lib/python3.7/site-packages/airflow/example_dags/example_time_delta_sensor_async.py for tasks to queue
[2022-06-06 14:05:59,374] {logging_mixin.py:115} INFO - [2022-06-06 14:05:59,374] {dagbag.py:507} INFO - Filling up the DagBag from /home/airflow/.local/lib/python3.7/site-packages/airflow/example_dags/example_time_delta_sensor_async.py
[2022-06-06 14:05:59,389] {processor.py:651} INFO - DAG(s) dict_keys(['example_time_delta_sensor_async']) retrieved from /home/airflow/.local/lib/python3.7/site-packages/airflow/example_dags/example_time_delta_sensor_async.py
[2022-06-06 14:05:59,491] {logging_mixin.py:115} INFO - [2022-06-06 14:05:59,491] {dag.py:2379} INFO - Sync 1 DAGs
[2022-06-06 14:05:59,553] {logging_mixin.py:115} INFO - [2022-06-06 14:05:59,553] {dag.py:2931} INFO - Setting next_dagrun for example_time_delta_sensor_async to None, run_after=None
[2022-06-06 14:05:59,574] {processor.py:161} INFO - Processing /home/airflow/.local/lib/python3.7/site-packages/airflow/example_dags/example_time_delta_sensor_async.py took 0.208 seconds
[2022-06-06 14:06:30,449] {processor.py:153} INFO - Started process (PID=656) to work on /home/airflow/.local/lib/python3.7/site-packages/airflow/example_dags/example_time_delta_sensor_async.py
[2022-06-06 14:06:30,452] {processor.py:641} INFO - Processing file /home/airflow/.local/lib/python3.7/site-packages/airflow/example_dags/example_time_delta_sensor_async.py for tasks to queue
[2022-06-06 14:06:30,453] {logging_mixin.py:115} INFO - [2022-06-06 14:06:30,453] {dagbag.py:507} INFO - Filling up the DagBag from /home/airflow/.local/lib/python3.7/site-packages/airflow/example_dags/example_time_delta_sensor_async.py
[2022-06-06 14:06:30,480] {processor.py:651} INFO - DAG(s) dict_keys(['example_time_delta_sensor_async']) retrieved from /home/airflow/.local/lib/python3.7/site-packages/airflow/example_dags/example_time_delta_sensor_async.py
[2022-06-06 14:06:30,633] {logging_mixin.py:115} INFO - [2022-06-06 14:06:30,633] {dag.py:2379} INFO - Sync 1 DAGs
[2022-06-06 14:06:30,864] {logging_mixin.py:115} INFO - [2022-06-06 14:06:30,864] {dag.py:2931} INFO - Setting next_dagrun for example_time_delta_sensor_async to None, run_after=None
[2022-06-06 14:06:30,946] {processor.py:161} INFO - Processing /home/airflow/.local/lib/python3.7/site-packages/airflow/example_dags/example_time_delta_sensor_async.py took 0.511 seconds
[2022-06-06 14:07:01,966] {processor.py:153} INFO - Started process (PID=708) to work on /home/airflow/.local/lib/python3.7/site-packages/airflow/example_dags/example_time_delta_sensor_async.py
[2022-06-06 14:07:01,967] {processor.py:641} INFO - Processing file /home/airflow/.local/lib/python3.7/site-packages/airflow/example_dags/example_time_delta_sensor_async.py for tasks to queue
[2022-06-06 14:07:01,972] {logging_mixin.py:115} INFO - [2022-06-06 14:07:01,972] {dagbag.py:507} INFO - Filling up the DagBag from /home/airflow/.local/lib/python3.7/site-packages/airflow/example_dags/example_time_delta_sensor_async.py
[2022-06-06 14:07:01,980] {processor.py:651} INFO - DAG(s) dict_keys(['example_time_delta_sensor_async']) retrieved from /home/airflow/.local/lib/python3.7/site-packages/airflow/example_dags/example_time_delta_sensor_async.py
[2022-06-06 14:07:02,072] {logging_mixin.py:115} INFO - [2022-06-06 14:07:02,072] {dag.py:2379} INFO - Sync 1 DAGs
[2022-06-06 14:07:02,126] {logging_mixin.py:115} INFO - [2022-06-06 14:07:02,125] {dag.py:2931} INFO - Setting next_dagrun for example_time_delta_sensor_async to None, run_after=None
[2022-06-06 14:07:02,160] {processor.py:161} INFO - Processing /home/airflow/.local/lib/python3.7/site-packages/airflow/example_dags/example_time_delta_sensor_async.py took 0.200 seconds
