[2022-06-06 13:57:51,450] {processor.py:153} INFO - Started process (PID=63) to work on /home/airflow/.local/lib/python3.7/site-packages/airflow/example_dags/example_python_operator.py
[2022-06-06 13:57:51,451] {processor.py:641} INFO - Processing file /home/airflow/.local/lib/python3.7/site-packages/airflow/example_dags/example_python_operator.py for tasks to queue
[2022-06-06 13:57:51,452] {logging_mixin.py:115} INFO - [2022-06-06 13:57:51,451] {dagbag.py:507} INFO - Filling up the DagBag from /home/airflow/.local/lib/python3.7/site-packages/airflow/example_dags/example_python_operator.py
[2022-06-06 13:57:51,484] {processor.py:651} INFO - DAG(s) dict_keys(['example_python_operator']) retrieved from /home/airflow/.local/lib/python3.7/site-packages/airflow/example_dags/example_python_operator.py
[2022-06-06 13:57:51,900] {logging_mixin.py:115} INFO - [2022-06-06 13:57:51,900] {manager.py:508} INFO - Created Permission View: can read on DAG:example_python_operator
[2022-06-06 13:57:51,949] {logging_mixin.py:115} INFO - [2022-06-06 13:57:51,949] {manager.py:508} INFO - Created Permission View: can edit on DAG:example_python_operator
[2022-06-06 13:57:51,985] {logging_mixin.py:115} INFO - [2022-06-06 13:57:51,982] {manager.py:508} INFO - Created Permission View: can delete on DAG:example_python_operator
[2022-06-06 13:57:51,985] {logging_mixin.py:115} INFO - [2022-06-06 13:57:51,985] {dag.py:2379} INFO - Sync 1 DAGs
[2022-06-06 13:57:52,008] {logging_mixin.py:115} INFO - [2022-06-06 13:57:52,007] {dag.py:2398} INFO - Creating ORM DAG for example_python_operator
[2022-06-06 13:57:52,032] {logging_mixin.py:115} INFO - [2022-06-06 13:57:52,032] {dag.py:2931} INFO - Setting next_dagrun for example_python_operator to None, run_after=None
[2022-06-06 13:57:52,084] {processor.py:161} INFO - Processing /home/airflow/.local/lib/python3.7/site-packages/airflow/example_dags/example_python_operator.py took 0.638 seconds
[2022-06-06 14:00:04,945] {processor.py:153} INFO - Started process (PID=97) to work on /home/airflow/.local/lib/python3.7/site-packages/airflow/example_dags/example_python_operator.py
[2022-06-06 14:00:04,950] {processor.py:641} INFO - Processing file /home/airflow/.local/lib/python3.7/site-packages/airflow/example_dags/example_python_operator.py for tasks to queue
[2022-06-06 14:00:04,951] {logging_mixin.py:115} INFO - [2022-06-06 14:00:04,951] {dagbag.py:507} INFO - Filling up the DagBag from /home/airflow/.local/lib/python3.7/site-packages/airflow/example_dags/example_python_operator.py
[2022-06-06 14:00:06,174] {processor.py:651} INFO - DAG(s) dict_keys(['example_python_operator']) retrieved from /home/airflow/.local/lib/python3.7/site-packages/airflow/example_dags/example_python_operator.py
[2022-06-06 14:00:06,912] {logging_mixin.py:115} INFO - [2022-06-06 14:00:06,911] {dag.py:2379} INFO - Sync 1 DAGs
[2022-06-06 14:00:13,268] {logging_mixin.py:115} INFO - [2022-06-06 14:00:13,247] {dag.py:2931} INFO - Setting next_dagrun for example_python_operator to None, run_after=None
[2022-06-06 14:00:32,873] {processor.py:161} INFO - Processing /home/airflow/.local/lib/python3.7/site-packages/airflow/example_dags/example_python_operator.py took 27.939 seconds
[2022-06-06 14:01:40,357] {processor.py:153} INFO - Started process (PID=141) to work on /home/airflow/.local/lib/python3.7/site-packages/airflow/example_dags/example_python_operator.py
[2022-06-06 14:01:40,358] {processor.py:641} INFO - Processing file /home/airflow/.local/lib/python3.7/site-packages/airflow/example_dags/example_python_operator.py for tasks to queue
[2022-06-06 14:01:40,358] {logging_mixin.py:115} INFO - [2022-06-06 14:01:40,358] {dagbag.py:507} INFO - Filling up the DagBag from /home/airflow/.local/lib/python3.7/site-packages/airflow/example_dags/example_python_operator.py
[2022-06-06 14:01:40,400] {processor.py:651} INFO - DAG(s) dict_keys(['example_python_operator']) retrieved from /home/airflow/.local/lib/python3.7/site-packages/airflow/example_dags/example_python_operator.py
[2022-06-06 14:01:40,502] {logging_mixin.py:115} INFO - [2022-06-06 14:01:40,502] {dag.py:2379} INFO - Sync 1 DAGs
[2022-06-06 14:01:40,954] {logging_mixin.py:115} INFO - [2022-06-06 14:01:40,954] {dag.py:2931} INFO - Setting next_dagrun for example_python_operator to None, run_after=None
[2022-06-06 14:01:41,091] {processor.py:161} INFO - Processing /home/airflow/.local/lib/python3.7/site-packages/airflow/example_dags/example_python_operator.py took 0.754 seconds
[2022-06-06 14:02:11,987] {processor.py:153} INFO - Started process (PID=200) to work on /home/airflow/.local/lib/python3.7/site-packages/airflow/example_dags/example_python_operator.py
[2022-06-06 14:02:11,987] {processor.py:641} INFO - Processing file /home/airflow/.local/lib/python3.7/site-packages/airflow/example_dags/example_python_operator.py for tasks to queue
[2022-06-06 14:02:11,988] {logging_mixin.py:115} INFO - [2022-06-06 14:02:11,988] {dagbag.py:507} INFO - Filling up the DagBag from /home/airflow/.local/lib/python3.7/site-packages/airflow/example_dags/example_python_operator.py
[2022-06-06 14:02:12,025] {processor.py:651} INFO - DAG(s) dict_keys(['example_python_operator']) retrieved from /home/airflow/.local/lib/python3.7/site-packages/airflow/example_dags/example_python_operator.py
[2022-06-06 14:02:12,104] {logging_mixin.py:115} INFO - [2022-06-06 14:02:12,104] {dag.py:2379} INFO - Sync 1 DAGs
[2022-06-06 14:02:12,437] {logging_mixin.py:115} INFO - [2022-06-06 14:02:12,437] {dag.py:2931} INFO - Setting next_dagrun for example_python_operator to None, run_after=None
[2022-06-06 14:02:12,465] {processor.py:161} INFO - Processing /home/airflow/.local/lib/python3.7/site-packages/airflow/example_dags/example_python_operator.py took 0.484 seconds
[2022-06-06 14:02:42,736] {processor.py:153} INFO - Started process (PID=254) to work on /home/airflow/.local/lib/python3.7/site-packages/airflow/example_dags/example_python_operator.py
[2022-06-06 14:02:42,737] {processor.py:641} INFO - Processing file /home/airflow/.local/lib/python3.7/site-packages/airflow/example_dags/example_python_operator.py for tasks to queue
[2022-06-06 14:02:42,737] {logging_mixin.py:115} INFO - [2022-06-06 14:02:42,737] {dagbag.py:507} INFO - Filling up the DagBag from /home/airflow/.local/lib/python3.7/site-packages/airflow/example_dags/example_python_operator.py
[2022-06-06 14:02:42,762] {processor.py:651} INFO - DAG(s) dict_keys(['example_python_operator']) retrieved from /home/airflow/.local/lib/python3.7/site-packages/airflow/example_dags/example_python_operator.py
[2022-06-06 14:02:42,794] {logging_mixin.py:115} INFO - [2022-06-06 14:02:42,794] {dag.py:2379} INFO - Sync 1 DAGs
[2022-06-06 14:02:42,981] {logging_mixin.py:115} INFO - [2022-06-06 14:02:42,981] {dag.py:2931} INFO - Setting next_dagrun for example_python_operator to None, run_after=None
[2022-06-06 14:02:43,012] {processor.py:161} INFO - Processing /home/airflow/.local/lib/python3.7/site-packages/airflow/example_dags/example_python_operator.py took 0.279 seconds
[2022-06-06 14:03:18,028] {processor.py:153} INFO - Started process (PID=314) to work on /home/airflow/.local/lib/python3.7/site-packages/airflow/example_dags/example_python_operator.py
[2022-06-06 14:03:18,028] {processor.py:641} INFO - Processing file /home/airflow/.local/lib/python3.7/site-packages/airflow/example_dags/example_python_operator.py for tasks to queue
[2022-06-06 14:03:18,029] {logging_mixin.py:115} INFO - [2022-06-06 14:03:18,029] {dagbag.py:507} INFO - Filling up the DagBag from /home/airflow/.local/lib/python3.7/site-packages/airflow/example_dags/example_python_operator.py
[2022-06-06 14:03:18,096] {processor.py:651} INFO - DAG(s) dict_keys(['example_python_operator']) retrieved from /home/airflow/.local/lib/python3.7/site-packages/airflow/example_dags/example_python_operator.py
[2022-06-06 14:03:18,194] {logging_mixin.py:115} INFO - [2022-06-06 14:03:18,194] {dag.py:2379} INFO - Sync 1 DAGs
[2022-06-06 14:03:18,671] {logging_mixin.py:115} INFO - [2022-06-06 14:03:18,665] {dag.py:2931} INFO - Setting next_dagrun for example_python_operator to None, run_after=None
[2022-06-06 14:03:18,788] {processor.py:161} INFO - Processing /home/airflow/.local/lib/python3.7/site-packages/airflow/example_dags/example_python_operator.py took 0.772 seconds
[2022-06-06 14:03:49,976] {processor.py:153} INFO - Started process (PID=365) to work on /home/airflow/.local/lib/python3.7/site-packages/airflow/example_dags/example_python_operator.py
[2022-06-06 14:03:49,986] {processor.py:641} INFO - Processing file /home/airflow/.local/lib/python3.7/site-packages/airflow/example_dags/example_python_operator.py for tasks to queue
[2022-06-06 14:03:49,987] {logging_mixin.py:115} INFO - [2022-06-06 14:03:49,987] {dagbag.py:507} INFO - Filling up the DagBag from /home/airflow/.local/lib/python3.7/site-packages/airflow/example_dags/example_python_operator.py
[2022-06-06 14:03:50,067] {processor.py:651} INFO - DAG(s) dict_keys(['example_python_operator']) retrieved from /home/airflow/.local/lib/python3.7/site-packages/airflow/example_dags/example_python_operator.py
[2022-06-06 14:03:50,143] {logging_mixin.py:115} INFO - [2022-06-06 14:03:50,143] {dag.py:2379} INFO - Sync 1 DAGs
[2022-06-06 14:03:50,551] {logging_mixin.py:115} INFO - [2022-06-06 14:03:50,551] {dag.py:2931} INFO - Setting next_dagrun for example_python_operator to None, run_after=None
[2022-06-06 14:03:50,629] {processor.py:161} INFO - Processing /home/airflow/.local/lib/python3.7/site-packages/airflow/example_dags/example_python_operator.py took 0.666 seconds
[2022-06-06 14:04:20,928] {processor.py:153} INFO - Started process (PID=417) to work on /home/airflow/.local/lib/python3.7/site-packages/airflow/example_dags/example_python_operator.py
[2022-06-06 14:04:20,936] {processor.py:641} INFO - Processing file /home/airflow/.local/lib/python3.7/site-packages/airflow/example_dags/example_python_operator.py for tasks to queue
[2022-06-06 14:04:20,937] {logging_mixin.py:115} INFO - [2022-06-06 14:04:20,937] {dagbag.py:507} INFO - Filling up the DagBag from /home/airflow/.local/lib/python3.7/site-packages/airflow/example_dags/example_python_operator.py
[2022-06-06 14:04:21,079] {processor.py:651} INFO - DAG(s) dict_keys(['example_python_operator']) retrieved from /home/airflow/.local/lib/python3.7/site-packages/airflow/example_dags/example_python_operator.py
[2022-06-06 14:04:21,178] {logging_mixin.py:115} INFO - [2022-06-06 14:04:21,178] {dag.py:2379} INFO - Sync 1 DAGs
[2022-06-06 14:04:21,513] {logging_mixin.py:115} INFO - [2022-06-06 14:04:21,512] {dag.py:2931} INFO - Setting next_dagrun for example_python_operator to None, run_after=None
[2022-06-06 14:04:21,541] {processor.py:161} INFO - Processing /home/airflow/.local/lib/python3.7/site-packages/airflow/example_dags/example_python_operator.py took 0.626 seconds
[2022-06-06 14:04:51,954] {processor.py:153} INFO - Started process (PID=469) to work on /home/airflow/.local/lib/python3.7/site-packages/airflow/example_dags/example_python_operator.py
[2022-06-06 14:04:51,955] {processor.py:641} INFO - Processing file /home/airflow/.local/lib/python3.7/site-packages/airflow/example_dags/example_python_operator.py for tasks to queue
[2022-06-06 14:04:51,956] {logging_mixin.py:115} INFO - [2022-06-06 14:04:51,955] {dagbag.py:507} INFO - Filling up the DagBag from /home/airflow/.local/lib/python3.7/site-packages/airflow/example_dags/example_python_operator.py
[2022-06-06 14:04:51,983] {processor.py:651} INFO - DAG(s) dict_keys(['example_python_operator']) retrieved from /home/airflow/.local/lib/python3.7/site-packages/airflow/example_dags/example_python_operator.py
[2022-06-06 14:04:52,026] {logging_mixin.py:115} INFO - [2022-06-06 14:04:52,026] {dag.py:2379} INFO - Sync 1 DAGs
[2022-06-06 14:04:52,253] {logging_mixin.py:115} INFO - [2022-06-06 14:04:52,253] {dag.py:2931} INFO - Setting next_dagrun for example_python_operator to None, run_after=None
[2022-06-06 14:04:52,288] {processor.py:161} INFO - Processing /home/airflow/.local/lib/python3.7/site-packages/airflow/example_dags/example_python_operator.py took 0.337 seconds
[2022-06-06 14:05:22,419] {processor.py:153} INFO - Started process (PID=529) to work on /home/airflow/.local/lib/python3.7/site-packages/airflow/example_dags/example_python_operator.py
[2022-06-06 14:05:22,422] {processor.py:641} INFO - Processing file /home/airflow/.local/lib/python3.7/site-packages/airflow/example_dags/example_python_operator.py for tasks to queue
[2022-06-06 14:05:22,432] {logging_mixin.py:115} INFO - [2022-06-06 14:05:22,432] {dagbag.py:507} INFO - Filling up the DagBag from /home/airflow/.local/lib/python3.7/site-packages/airflow/example_dags/example_python_operator.py
[2022-06-06 14:05:22,477] {processor.py:651} INFO - DAG(s) dict_keys(['example_python_operator']) retrieved from /home/airflow/.local/lib/python3.7/site-packages/airflow/example_dags/example_python_operator.py
[2022-06-06 14:05:22,548] {logging_mixin.py:115} INFO - [2022-06-06 14:05:22,548] {dag.py:2379} INFO - Sync 1 DAGs
[2022-06-06 14:05:22,922] {logging_mixin.py:115} INFO - [2022-06-06 14:05:22,922] {dag.py:2931} INFO - Setting next_dagrun for example_python_operator to None, run_after=None
[2022-06-06 14:05:22,943] {processor.py:161} INFO - Processing /home/airflow/.local/lib/python3.7/site-packages/airflow/example_dags/example_python_operator.py took 0.532 seconds
[2022-06-06 14:05:53,117] {processor.py:153} INFO - Started process (PID=580) to work on /home/airflow/.local/lib/python3.7/site-packages/airflow/example_dags/example_python_operator.py
[2022-06-06 14:05:53,118] {processor.py:641} INFO - Processing file /home/airflow/.local/lib/python3.7/site-packages/airflow/example_dags/example_python_operator.py for tasks to queue
[2022-06-06 14:05:53,119] {logging_mixin.py:115} INFO - [2022-06-06 14:05:53,119] {dagbag.py:507} INFO - Filling up the DagBag from /home/airflow/.local/lib/python3.7/site-packages/airflow/example_dags/example_python_operator.py
[2022-06-06 14:05:53,148] {processor.py:651} INFO - DAG(s) dict_keys(['example_python_operator']) retrieved from /home/airflow/.local/lib/python3.7/site-packages/airflow/example_dags/example_python_operator.py
[2022-06-06 14:05:53,186] {logging_mixin.py:115} INFO - [2022-06-06 14:05:53,186] {dag.py:2379} INFO - Sync 1 DAGs
[2022-06-06 14:05:53,374] {logging_mixin.py:115} INFO - [2022-06-06 14:05:53,374] {dag.py:2931} INFO - Setting next_dagrun for example_python_operator to None, run_after=None
[2022-06-06 14:05:53,391] {processor.py:161} INFO - Processing /home/airflow/.local/lib/python3.7/site-packages/airflow/example_dags/example_python_operator.py took 0.278 seconds
[2022-06-06 14:06:23,802] {processor.py:153} INFO - Started process (PID=632) to work on /home/airflow/.local/lib/python3.7/site-packages/airflow/example_dags/example_python_operator.py
[2022-06-06 14:06:23,807] {processor.py:641} INFO - Processing file /home/airflow/.local/lib/python3.7/site-packages/airflow/example_dags/example_python_operator.py for tasks to queue
[2022-06-06 14:06:23,808] {logging_mixin.py:115} INFO - [2022-06-06 14:06:23,808] {dagbag.py:507} INFO - Filling up the DagBag from /home/airflow/.local/lib/python3.7/site-packages/airflow/example_dags/example_python_operator.py
[2022-06-06 14:06:23,841] {processor.py:651} INFO - DAG(s) dict_keys(['example_python_operator']) retrieved from /home/airflow/.local/lib/python3.7/site-packages/airflow/example_dags/example_python_operator.py
[2022-06-06 14:06:23,889] {logging_mixin.py:115} INFO - [2022-06-06 14:06:23,889] {dag.py:2379} INFO - Sync 1 DAGs
[2022-06-06 14:06:24,096] {logging_mixin.py:115} INFO - [2022-06-06 14:06:24,095] {dag.py:2931} INFO - Setting next_dagrun for example_python_operator to None, run_after=None
[2022-06-06 14:06:24,124] {processor.py:161} INFO - Processing /home/airflow/.local/lib/python3.7/site-packages/airflow/example_dags/example_python_operator.py took 0.327 seconds
[2022-06-06 14:06:54,827] {processor.py:153} INFO - Started process (PID=685) to work on /home/airflow/.local/lib/python3.7/site-packages/airflow/example_dags/example_python_operator.py
[2022-06-06 14:06:54,832] {processor.py:641} INFO - Processing file /home/airflow/.local/lib/python3.7/site-packages/airflow/example_dags/example_python_operator.py for tasks to queue
[2022-06-06 14:06:54,833] {logging_mixin.py:115} INFO - [2022-06-06 14:06:54,833] {dagbag.py:507} INFO - Filling up the DagBag from /home/airflow/.local/lib/python3.7/site-packages/airflow/example_dags/example_python_operator.py
[2022-06-06 14:06:54,868] {processor.py:651} INFO - DAG(s) dict_keys(['example_python_operator']) retrieved from /home/airflow/.local/lib/python3.7/site-packages/airflow/example_dags/example_python_operator.py
[2022-06-06 14:06:54,912] {logging_mixin.py:115} INFO - [2022-06-06 14:06:54,912] {dag.py:2379} INFO - Sync 1 DAGs
[2022-06-06 14:06:55,111] {logging_mixin.py:115} INFO - [2022-06-06 14:06:55,111] {dag.py:2931} INFO - Setting next_dagrun for example_python_operator to None, run_after=None
[2022-06-06 14:06:55,132] {processor.py:161} INFO - Processing /home/airflow/.local/lib/python3.7/site-packages/airflow/example_dags/example_python_operator.py took 0.320 seconds
