[2022-06-06 13:57:42,085] {processor.py:153} INFO - Started process (PID=43) to work on /home/airflow/.local/lib/python3.7/site-packages/airflow/example_dags/tutorial_taskflow_api_etl.py
[2022-06-06 13:57:42,092] {processor.py:641} INFO - Processing file /home/airflow/.local/lib/python3.7/site-packages/airflow/example_dags/tutorial_taskflow_api_etl.py for tasks to queue
[2022-06-06 13:57:42,093] {logging_mixin.py:115} INFO - [2022-06-06 13:57:42,093] {dagbag.py:507} INFO - Filling up the DagBag from /home/airflow/.local/lib/python3.7/site-packages/airflow/example_dags/tutorial_taskflow_api_etl.py
[2022-06-06 13:57:42,244] {processor.py:651} INFO - DAG(s) dict_keys(['tutorial_taskflow_api_etl']) retrieved from /home/airflow/.local/lib/python3.7/site-packages/airflow/example_dags/tutorial_taskflow_api_etl.py
[2022-06-06 13:57:42,860] {logging_mixin.py:115} INFO - [2022-06-06 13:57:42,860] {manager.py:508} INFO - Created Permission View: can read on DAG:tutorial_taskflow_api_etl
[2022-06-06 13:57:42,890] {logging_mixin.py:115} INFO - [2022-06-06 13:57:42,890] {manager.py:508} INFO - Created Permission View: can edit on DAG:tutorial_taskflow_api_etl
[2022-06-06 13:57:42,906] {logging_mixin.py:115} INFO - [2022-06-06 13:57:42,906] {manager.py:508} INFO - Created Permission View: can delete on DAG:tutorial_taskflow_api_etl
[2022-06-06 13:57:42,906] {logging_mixin.py:115} INFO - [2022-06-06 13:57:42,906] {dag.py:2379} INFO - Sync 1 DAGs
[2022-06-06 13:57:42,923] {logging_mixin.py:115} INFO - [2022-06-06 13:57:42,923] {dag.py:2398} INFO - Creating ORM DAG for tutorial_taskflow_api_etl
[2022-06-06 13:57:42,944] {logging_mixin.py:115} INFO - [2022-06-06 13:57:42,944] {dag.py:2931} INFO - Setting next_dagrun for tutorial_taskflow_api_etl to None, run_after=None
[2022-06-06 13:57:42,992] {processor.py:161} INFO - Processing /home/airflow/.local/lib/python3.7/site-packages/airflow/example_dags/tutorial_taskflow_api_etl.py took 0.927 seconds
[2022-06-06 13:59:57,408] {processor.py:153} INFO - Started process (PID=86) to work on /home/airflow/.local/lib/python3.7/site-packages/airflow/example_dags/tutorial_taskflow_api_etl.py
[2022-06-06 13:59:57,415] {processor.py:641} INFO - Processing file /home/airflow/.local/lib/python3.7/site-packages/airflow/example_dags/tutorial_taskflow_api_etl.py for tasks to queue
[2022-06-06 13:59:57,416] {logging_mixin.py:115} INFO - [2022-06-06 13:59:57,416] {dagbag.py:507} INFO - Filling up the DagBag from /home/airflow/.local/lib/python3.7/site-packages/airflow/example_dags/tutorial_taskflow_api_etl.py
[2022-06-06 13:59:57,449] {processor.py:651} INFO - DAG(s) dict_keys(['tutorial_taskflow_api_etl']) retrieved from /home/airflow/.local/lib/python3.7/site-packages/airflow/example_dags/tutorial_taskflow_api_etl.py
[2022-06-06 13:59:57,769] {logging_mixin.py:115} INFO - [2022-06-06 13:59:57,769] {dag.py:2379} INFO - Sync 1 DAGs
[2022-06-06 13:59:57,817] {logging_mixin.py:115} INFO - [2022-06-06 13:59:57,817] {dag.py:2931} INFO - Setting next_dagrun for tutorial_taskflow_api_etl to None, run_after=None
[2022-06-06 13:59:57,856] {processor.py:161} INFO - Processing /home/airflow/.local/lib/python3.7/site-packages/airflow/example_dags/tutorial_taskflow_api_etl.py took 0.453 seconds
[2022-06-06 14:01:37,023] {processor.py:153} INFO - Started process (PID=130) to work on /home/airflow/.local/lib/python3.7/site-packages/airflow/example_dags/tutorial_taskflow_api_etl.py
[2022-06-06 14:01:37,037] {processor.py:641} INFO - Processing file /home/airflow/.local/lib/python3.7/site-packages/airflow/example_dags/tutorial_taskflow_api_etl.py for tasks to queue
[2022-06-06 14:01:37,038] {logging_mixin.py:115} INFO - [2022-06-06 14:01:37,038] {dagbag.py:507} INFO - Filling up the DagBag from /home/airflow/.local/lib/python3.7/site-packages/airflow/example_dags/tutorial_taskflow_api_etl.py
[2022-06-06 14:01:37,167] {processor.py:651} INFO - DAG(s) dict_keys(['tutorial_taskflow_api_etl']) retrieved from /home/airflow/.local/lib/python3.7/site-packages/airflow/example_dags/tutorial_taskflow_api_etl.py
[2022-06-06 14:01:37,711] {logging_mixin.py:115} INFO - [2022-06-06 14:01:37,711] {dag.py:2379} INFO - Sync 1 DAGs
[2022-06-06 14:01:37,774] {logging_mixin.py:115} INFO - [2022-06-06 14:01:37,774] {dag.py:2931} INFO - Setting next_dagrun for tutorial_taskflow_api_etl to None, run_after=None
[2022-06-06 14:01:37,808] {processor.py:161} INFO - Processing /home/airflow/.local/lib/python3.7/site-packages/airflow/example_dags/tutorial_taskflow_api_etl.py took 0.794 seconds
[2022-06-06 14:02:08,131] {processor.py:153} INFO - Started process (PID=181) to work on /home/airflow/.local/lib/python3.7/site-packages/airflow/example_dags/tutorial_taskflow_api_etl.py
[2022-06-06 14:02:08,137] {processor.py:641} INFO - Processing file /home/airflow/.local/lib/python3.7/site-packages/airflow/example_dags/tutorial_taskflow_api_etl.py for tasks to queue
[2022-06-06 14:02:08,138] {logging_mixin.py:115} INFO - [2022-06-06 14:02:08,138] {dagbag.py:507} INFO - Filling up the DagBag from /home/airflow/.local/lib/python3.7/site-packages/airflow/example_dags/tutorial_taskflow_api_etl.py
[2022-06-06 14:02:08,188] {processor.py:651} INFO - DAG(s) dict_keys(['tutorial_taskflow_api_etl']) retrieved from /home/airflow/.local/lib/python3.7/site-packages/airflow/example_dags/tutorial_taskflow_api_etl.py
[2022-06-06 14:02:08,584] {logging_mixin.py:115} INFO - [2022-06-06 14:02:08,584] {dag.py:2379} INFO - Sync 1 DAGs
[2022-06-06 14:02:08,616] {logging_mixin.py:115} INFO - [2022-06-06 14:02:08,616] {dag.py:2931} INFO - Setting next_dagrun for tutorial_taskflow_api_etl to None, run_after=None
[2022-06-06 14:02:08,641] {processor.py:161} INFO - Processing /home/airflow/.local/lib/python3.7/site-packages/airflow/example_dags/tutorial_taskflow_api_etl.py took 0.513 seconds
[2022-06-06 14:02:38,800] {processor.py:153} INFO - Started process (PID=242) to work on /home/airflow/.local/lib/python3.7/site-packages/airflow/example_dags/tutorial_taskflow_api_etl.py
[2022-06-06 14:02:38,804] {processor.py:641} INFO - Processing file /home/airflow/.local/lib/python3.7/site-packages/airflow/example_dags/tutorial_taskflow_api_etl.py for tasks to queue
[2022-06-06 14:02:38,805] {logging_mixin.py:115} INFO - [2022-06-06 14:02:38,805] {dagbag.py:507} INFO - Filling up the DagBag from /home/airflow/.local/lib/python3.7/site-packages/airflow/example_dags/tutorial_taskflow_api_etl.py
[2022-06-06 14:02:38,854] {processor.py:651} INFO - DAG(s) dict_keys(['tutorial_taskflow_api_etl']) retrieved from /home/airflow/.local/lib/python3.7/site-packages/airflow/example_dags/tutorial_taskflow_api_etl.py
[2022-06-06 14:02:39,256] {logging_mixin.py:115} INFO - [2022-06-06 14:02:39,256] {dag.py:2379} INFO - Sync 1 DAGs
[2022-06-06 14:02:39,286] {logging_mixin.py:115} INFO - [2022-06-06 14:02:39,286] {dag.py:2931} INFO - Setting next_dagrun for tutorial_taskflow_api_etl to None, run_after=None
[2022-06-06 14:02:39,305] {processor.py:161} INFO - Processing /home/airflow/.local/lib/python3.7/site-packages/airflow/example_dags/tutorial_taskflow_api_etl.py took 0.509 seconds
[2022-06-06 14:03:09,377] {processor.py:153} INFO - Started process (PID=293) to work on /home/airflow/.local/lib/python3.7/site-packages/airflow/example_dags/tutorial_taskflow_api_etl.py
[2022-06-06 14:03:09,379] {processor.py:641} INFO - Processing file /home/airflow/.local/lib/python3.7/site-packages/airflow/example_dags/tutorial_taskflow_api_etl.py for tasks to queue
[2022-06-06 14:03:09,380] {logging_mixin.py:115} INFO - [2022-06-06 14:03:09,380] {dagbag.py:507} INFO - Filling up the DagBag from /home/airflow/.local/lib/python3.7/site-packages/airflow/example_dags/tutorial_taskflow_api_etl.py
[2022-06-06 14:03:09,436] {processor.py:651} INFO - DAG(s) dict_keys(['tutorial_taskflow_api_etl']) retrieved from /home/airflow/.local/lib/python3.7/site-packages/airflow/example_dags/tutorial_taskflow_api_etl.py
[2022-06-06 14:03:10,065] {logging_mixin.py:115} INFO - [2022-06-06 14:03:10,064] {dag.py:2379} INFO - Sync 1 DAGs
[2022-06-06 14:03:10,104] {logging_mixin.py:115} INFO - [2022-06-06 14:03:10,104] {dag.py:2931} INFO - Setting next_dagrun for tutorial_taskflow_api_etl to None, run_after=None
[2022-06-06 14:03:10,137] {processor.py:161} INFO - Processing /home/airflow/.local/lib/python3.7/site-packages/airflow/example_dags/tutorial_taskflow_api_etl.py took 0.766 seconds
[2022-06-06 14:03:40,524] {processor.py:153} INFO - Started process (PID=345) to work on /home/airflow/.local/lib/python3.7/site-packages/airflow/example_dags/tutorial_taskflow_api_etl.py
[2022-06-06 14:03:40,526] {processor.py:641} INFO - Processing file /home/airflow/.local/lib/python3.7/site-packages/airflow/example_dags/tutorial_taskflow_api_etl.py for tasks to queue
[2022-06-06 14:03:40,529] {logging_mixin.py:115} INFO - [2022-06-06 14:03:40,529] {dagbag.py:507} INFO - Filling up the DagBag from /home/airflow/.local/lib/python3.7/site-packages/airflow/example_dags/tutorial_taskflow_api_etl.py
[2022-06-06 14:03:40,618] {processor.py:651} INFO - DAG(s) dict_keys(['tutorial_taskflow_api_etl']) retrieved from /home/airflow/.local/lib/python3.7/site-packages/airflow/example_dags/tutorial_taskflow_api_etl.py
[2022-06-06 14:03:41,140] {logging_mixin.py:115} INFO - [2022-06-06 14:03:41,140] {dag.py:2379} INFO - Sync 1 DAGs
[2022-06-06 14:03:41,192] {logging_mixin.py:115} INFO - [2022-06-06 14:03:41,192] {dag.py:2931} INFO - Setting next_dagrun for tutorial_taskflow_api_etl to None, run_after=None
[2022-06-06 14:03:41,262] {processor.py:161} INFO - Processing /home/airflow/.local/lib/python3.7/site-packages/airflow/example_dags/tutorial_taskflow_api_etl.py took 0.743 seconds
[2022-06-06 14:04:11,507] {processor.py:153} INFO - Started process (PID=397) to work on /home/airflow/.local/lib/python3.7/site-packages/airflow/example_dags/tutorial_taskflow_api_etl.py
[2022-06-06 14:04:11,507] {processor.py:641} INFO - Processing file /home/airflow/.local/lib/python3.7/site-packages/airflow/example_dags/tutorial_taskflow_api_etl.py for tasks to queue
[2022-06-06 14:04:11,508] {logging_mixin.py:115} INFO - [2022-06-06 14:04:11,508] {dagbag.py:507} INFO - Filling up the DagBag from /home/airflow/.local/lib/python3.7/site-packages/airflow/example_dags/tutorial_taskflow_api_etl.py
[2022-06-06 14:04:11,530] {processor.py:651} INFO - DAG(s) dict_keys(['tutorial_taskflow_api_etl']) retrieved from /home/airflow/.local/lib/python3.7/site-packages/airflow/example_dags/tutorial_taskflow_api_etl.py
[2022-06-06 14:04:11,781] {logging_mixin.py:115} INFO - [2022-06-06 14:04:11,781] {dag.py:2379} INFO - Sync 1 DAGs
[2022-06-06 14:04:11,810] {logging_mixin.py:115} INFO - [2022-06-06 14:04:11,810] {dag.py:2931} INFO - Setting next_dagrun for tutorial_taskflow_api_etl to None, run_after=None
[2022-06-06 14:04:11,828] {processor.py:161} INFO - Processing /home/airflow/.local/lib/python3.7/site-packages/airflow/example_dags/tutorial_taskflow_api_etl.py took 0.325 seconds
[2022-06-06 14:04:41,939] {processor.py:153} INFO - Started process (PID=457) to work on /home/airflow/.local/lib/python3.7/site-packages/airflow/example_dags/tutorial_taskflow_api_etl.py
[2022-06-06 14:04:41,945] {processor.py:641} INFO - Processing file /home/airflow/.local/lib/python3.7/site-packages/airflow/example_dags/tutorial_taskflow_api_etl.py for tasks to queue
[2022-06-06 14:04:41,945] {logging_mixin.py:115} INFO - [2022-06-06 14:04:41,945] {dagbag.py:507} INFO - Filling up the DagBag from /home/airflow/.local/lib/python3.7/site-packages/airflow/example_dags/tutorial_taskflow_api_etl.py
[2022-06-06 14:04:42,030] {processor.py:651} INFO - DAG(s) dict_keys(['tutorial_taskflow_api_etl']) retrieved from /home/airflow/.local/lib/python3.7/site-packages/airflow/example_dags/tutorial_taskflow_api_etl.py
[2022-06-06 14:04:42,834] {logging_mixin.py:115} INFO - [2022-06-06 14:04:42,834] {dag.py:2379} INFO - Sync 1 DAGs
[2022-06-06 14:04:42,903] {logging_mixin.py:115} INFO - [2022-06-06 14:04:42,903] {dag.py:2931} INFO - Setting next_dagrun for tutorial_taskflow_api_etl to None, run_after=None
[2022-06-06 14:04:42,939] {processor.py:161} INFO - Processing /home/airflow/.local/lib/python3.7/site-packages/airflow/example_dags/tutorial_taskflow_api_etl.py took 1.005 seconds
[2022-06-06 14:05:13,628] {processor.py:153} INFO - Started process (PID=508) to work on /home/airflow/.local/lib/python3.7/site-packages/airflow/example_dags/tutorial_taskflow_api_etl.py
[2022-06-06 14:05:13,632] {processor.py:641} INFO - Processing file /home/airflow/.local/lib/python3.7/site-packages/airflow/example_dags/tutorial_taskflow_api_etl.py for tasks to queue
[2022-06-06 14:05:13,632] {logging_mixin.py:115} INFO - [2022-06-06 14:05:13,632] {dagbag.py:507} INFO - Filling up the DagBag from /home/airflow/.local/lib/python3.7/site-packages/airflow/example_dags/tutorial_taskflow_api_etl.py
[2022-06-06 14:05:13,674] {processor.py:651} INFO - DAG(s) dict_keys(['tutorial_taskflow_api_etl']) retrieved from /home/airflow/.local/lib/python3.7/site-packages/airflow/example_dags/tutorial_taskflow_api_etl.py
[2022-06-06 14:05:14,048] {logging_mixin.py:115} INFO - [2022-06-06 14:05:14,048] {dag.py:2379} INFO - Sync 1 DAGs
[2022-06-06 14:05:14,161] {logging_mixin.py:115} INFO - [2022-06-06 14:05:14,161] {dag.py:2931} INFO - Setting next_dagrun for tutorial_taskflow_api_etl to None, run_after=None
[2022-06-06 14:05:14,201] {processor.py:161} INFO - Processing /home/airflow/.local/lib/python3.7/site-packages/airflow/example_dags/tutorial_taskflow_api_etl.py took 0.577 seconds
[2022-06-06 14:05:44,604] {processor.py:153} INFO - Started process (PID=560) to work on /home/airflow/.local/lib/python3.7/site-packages/airflow/example_dags/tutorial_taskflow_api_etl.py
[2022-06-06 14:05:44,605] {processor.py:641} INFO - Processing file /home/airflow/.local/lib/python3.7/site-packages/airflow/example_dags/tutorial_taskflow_api_etl.py for tasks to queue
[2022-06-06 14:05:44,606] {logging_mixin.py:115} INFO - [2022-06-06 14:05:44,606] {dagbag.py:507} INFO - Filling up the DagBag from /home/airflow/.local/lib/python3.7/site-packages/airflow/example_dags/tutorial_taskflow_api_etl.py
[2022-06-06 14:05:44,630] {processor.py:651} INFO - DAG(s) dict_keys(['tutorial_taskflow_api_etl']) retrieved from /home/airflow/.local/lib/python3.7/site-packages/airflow/example_dags/tutorial_taskflow_api_etl.py
[2022-06-06 14:05:44,919] {logging_mixin.py:115} INFO - [2022-06-06 14:05:44,919] {dag.py:2379} INFO - Sync 1 DAGs
[2022-06-06 14:05:44,948] {logging_mixin.py:115} INFO - [2022-06-06 14:05:44,948] {dag.py:2931} INFO - Setting next_dagrun for tutorial_taskflow_api_etl to None, run_after=None
[2022-06-06 14:05:44,969] {processor.py:161} INFO - Processing /home/airflow/.local/lib/python3.7/site-packages/airflow/example_dags/tutorial_taskflow_api_etl.py took 0.370 seconds
[2022-06-06 14:06:15,317] {processor.py:153} INFO - Started process (PID=612) to work on /home/airflow/.local/lib/python3.7/site-packages/airflow/example_dags/tutorial_taskflow_api_etl.py
[2022-06-06 14:06:15,319] {processor.py:641} INFO - Processing file /home/airflow/.local/lib/python3.7/site-packages/airflow/example_dags/tutorial_taskflow_api_etl.py for tasks to queue
[2022-06-06 14:06:15,320] {logging_mixin.py:115} INFO - [2022-06-06 14:06:15,320] {dagbag.py:507} INFO - Filling up the DagBag from /home/airflow/.local/lib/python3.7/site-packages/airflow/example_dags/tutorial_taskflow_api_etl.py
[2022-06-06 14:06:15,352] {processor.py:651} INFO - DAG(s) dict_keys(['tutorial_taskflow_api_etl']) retrieved from /home/airflow/.local/lib/python3.7/site-packages/airflow/example_dags/tutorial_taskflow_api_etl.py
[2022-06-06 14:06:15,687] {logging_mixin.py:115} INFO - [2022-06-06 14:06:15,686] {dag.py:2379} INFO - Sync 1 DAGs
[2022-06-06 14:06:15,718] {logging_mixin.py:115} INFO - [2022-06-06 14:06:15,718] {dag.py:2931} INFO - Setting next_dagrun for tutorial_taskflow_api_etl to None, run_after=None
[2022-06-06 14:06:15,745] {processor.py:161} INFO - Processing /home/airflow/.local/lib/python3.7/site-packages/airflow/example_dags/tutorial_taskflow_api_etl.py took 0.443 seconds
[2022-06-06 14:06:46,576] {processor.py:153} INFO - Started process (PID=673) to work on /home/airflow/.local/lib/python3.7/site-packages/airflow/example_dags/tutorial_taskflow_api_etl.py
[2022-06-06 14:06:46,578] {processor.py:641} INFO - Processing file /home/airflow/.local/lib/python3.7/site-packages/airflow/example_dags/tutorial_taskflow_api_etl.py for tasks to queue
[2022-06-06 14:06:46,584] {logging_mixin.py:115} INFO - [2022-06-06 14:06:46,584] {dagbag.py:507} INFO - Filling up the DagBag from /home/airflow/.local/lib/python3.7/site-packages/airflow/example_dags/tutorial_taskflow_api_etl.py
[2022-06-06 14:06:46,620] {processor.py:651} INFO - DAG(s) dict_keys(['tutorial_taskflow_api_etl']) retrieved from /home/airflow/.local/lib/python3.7/site-packages/airflow/example_dags/tutorial_taskflow_api_etl.py
[2022-06-06 14:06:47,026] {logging_mixin.py:115} INFO - [2022-06-06 14:06:47,026] {dag.py:2379} INFO - Sync 1 DAGs
[2022-06-06 14:06:47,071] {logging_mixin.py:115} INFO - [2022-06-06 14:06:47,071] {dag.py:2931} INFO - Setting next_dagrun for tutorial_taskflow_api_etl to None, run_after=None
[2022-06-06 14:06:47,112] {processor.py:161} INFO - Processing /home/airflow/.local/lib/python3.7/site-packages/airflow/example_dags/tutorial_taskflow_api_etl.py took 0.540 seconds
