[2022-06-07 09:43:33,385] {taskinstance.py:1159} INFO - Dependencies all met for <TaskInstance: first_dag.first_dag manual__2022-06-07T09:43:30.586077+00:00 [queued]>
[2022-06-07 09:43:33,479] {taskinstance.py:1159} INFO - Dependencies all met for <TaskInstance: first_dag.first_dag manual__2022-06-07T09:43:30.586077+00:00 [queued]>
[2022-06-07 09:43:33,479] {taskinstance.py:1356} INFO - 
--------------------------------------------------------------------------------
[2022-06-07 09:43:33,479] {taskinstance.py:1357} INFO - Starting attempt 1 of 2
[2022-06-07 09:43:33,479] {taskinstance.py:1358} INFO - 
--------------------------------------------------------------------------------
[2022-06-07 09:43:33,570] {taskinstance.py:1377} INFO - Executing <Task(PythonOperator): first_dag> on 2022-06-07 09:43:30.586077+00:00
[2022-06-07 09:43:33,579] {standard_task_runner.py:52} INFO - Started process 798 to run task
[2022-06-07 09:43:33,601] {standard_task_runner.py:79} INFO - Running: ['***', 'tasks', 'run', 'first_dag', 'first_dag', 'manual__2022-06-07T09:43:30.586077+00:00', '--job-id', '19', '--raw', '--subdir', 'DAGS_FOLDER/first_dag.py', '--cfg-path', '/tmp/tmpgmze99qp', '--error-file', '/tmp/tmp0p0jqbu0']
[2022-06-07 09:43:33,601] {standard_task_runner.py:80} INFO - Job 19: Subtask first_dag
[2022-06-07 09:43:34,164] {task_command.py:370} INFO - Running <TaskInstance: first_dag.first_dag manual__2022-06-07T09:43:30.586077+00:00 [running]> on host 7bd722fce0d0
[2022-06-07 09:43:34,612] {taskinstance.py:1571} INFO - Exporting the following env vars:
AIRFLOW_CTX_DAG_OWNER=***
AIRFLOW_CTX_DAG_ID=first_dag
AIRFLOW_CTX_TASK_ID=first_dag
AIRFLOW_CTX_EXECUTION_DATE=2022-06-07T09:43:30.586077+00:00
AIRFLOW_CTX_TRY_NUMBER=1
AIRFLOW_CTX_DAG_RUN_ID=manual__2022-06-07T09:43:30.586077+00:00
[2022-06-07 09:43:34,615] {python.py:173} INFO - Done. Returned value was: Hello WorldDidnt get the key
[2022-06-07 09:43:34,710] {taskinstance.py:1400} INFO - Marking task as SUCCESS. dag_id=first_dag, task_id=first_dag, execution_date=20220607T094330, start_date=20220607T094333, end_date=20220607T094334
[2022-06-07 09:43:34,879] {local_task_job.py:156} INFO - Task exited with return code 0
[2022-06-07 09:43:35,034] {local_task_job.py:273} INFO - 0 downstream tasks scheduled from follow-on schedule check
