[2022-06-07 04:34:24,987] {taskinstance.py:1159} INFO - Dependencies all met for <TaskInstance: first_dag.first_dag scheduled__2022-06-07T03:00:00+00:00 [queued]>
[2022-06-07 04:34:25,004] {taskinstance.py:1159} INFO - Dependencies all met for <TaskInstance: first_dag.first_dag scheduled__2022-06-07T03:00:00+00:00 [queued]>
[2022-06-07 04:34:25,005] {taskinstance.py:1356} INFO - 
--------------------------------------------------------------------------------
[2022-06-07 04:34:25,005] {taskinstance.py:1357} INFO - Starting attempt 1 of 2
[2022-06-07 04:34:25,005] {taskinstance.py:1358} INFO - 
--------------------------------------------------------------------------------
[2022-06-07 04:34:25,036] {taskinstance.py:1377} INFO - Executing <Task(PythonOperator): first_dag> on 2022-06-07 03:00:00+00:00
[2022-06-07 04:34:25,041] {standard_task_runner.py:52} INFO - Started process 187 to run task
[2022-06-07 04:34:25,047] {standard_task_runner.py:79} INFO - Running: ['***', 'tasks', 'run', 'first_dag', 'first_dag', 'scheduled__2022-06-07T03:00:00+00:00', '--job-id', '13', '--raw', '--subdir', 'DAGS_FOLDER/first_dag.py', '--cfg-path', '/tmp/tmpik1o1uy7', '--error-file', '/tmp/tmpx0bjfuz0']
[2022-06-07 04:34:25,048] {standard_task_runner.py:80} INFO - Job 13: Subtask first_dag
[2022-06-07 04:34:25,128] {task_command.py:370} INFO - Running <TaskInstance: first_dag.first_dag scheduled__2022-06-07T03:00:00+00:00 [running]> on host 6210c8110245
[2022-06-07 04:34:25,249] {taskinstance.py:1571} INFO - Exporting the following env vars:
AIRFLOW_CTX_DAG_OWNER=***
AIRFLOW_CTX_DAG_ID=first_dag
AIRFLOW_CTX_TASK_ID=first_dag
AIRFLOW_CTX_EXECUTION_DATE=2022-06-07T03:00:00+00:00
AIRFLOW_CTX_TRY_NUMBER=1
AIRFLOW_CTX_DAG_RUN_ID=scheduled__2022-06-07T03:00:00+00:00
[2022-06-07 04:34:25,249] {logging_mixin.py:115} INFO - FIRST EXECUTION
[2022-06-07 04:34:25,249] {python.py:173} INFO - Done. Returned value was: FIRST EXECUTION
[2022-06-07 04:34:25,285] {taskinstance.py:1400} INFO - Marking task as SUCCESS. dag_id=first_dag, task_id=first_dag, execution_date=20220607T030000, start_date=20220607T043424, end_date=20220607T043425
[2022-06-07 04:34:25,343] {local_task_job.py:156} INFO - Task exited with return code 0
[2022-06-07 04:34:25,390] {local_task_job.py:273} INFO - 0 downstream tasks scheduled from follow-on schedule check
