[2022-06-07 10:30:23,536] {taskinstance.py:1159} INFO - Dependencies all met for <TaskInstance: first_dag.first_dag manual__2022-06-07T10:30:21.639505+00:00 [queued]>
[2022-06-07 10:30:23,557] {taskinstance.py:1159} INFO - Dependencies all met for <TaskInstance: first_dag.first_dag manual__2022-06-07T10:30:21.639505+00:00 [queued]>
[2022-06-07 10:30:23,557] {taskinstance.py:1356} INFO - 
--------------------------------------------------------------------------------
[2022-06-07 10:30:23,557] {taskinstance.py:1357} INFO - Starting attempt 1 of 2
[2022-06-07 10:30:23,557] {taskinstance.py:1358} INFO - 
--------------------------------------------------------------------------------
[2022-06-07 10:30:23,602] {taskinstance.py:1377} INFO - Executing <Task(PythonOperator): first_dag> on 2022-06-07 10:30:21.639505+00:00
[2022-06-07 10:30:23,613] {standard_task_runner.py:52} INFO - Started process 115 to run task
[2022-06-07 10:30:23,618] {standard_task_runner.py:79} INFO - Running: ['***', 'tasks', 'run', 'first_dag', 'first_dag', 'manual__2022-06-07T10:30:21.639505+00:00', '--job-id', '81', '--raw', '--subdir', 'DAGS_FOLDER/first_dag.py', '--cfg-path', '/tmp/tmpblhzf8jg', '--error-file', '/tmp/tmpsoubps7a']
[2022-06-07 10:30:23,619] {standard_task_runner.py:80} INFO - Job 81: Subtask first_dag
[2022-06-07 10:30:23,781] {task_command.py:370} INFO - Running <TaskInstance: first_dag.first_dag manual__2022-06-07T10:30:21.639505+00:00 [running]> on host 40aea3afdb95
[2022-06-07 10:30:24,083] {taskinstance.py:1571} INFO - Exporting the following env vars:
AIRFLOW_CTX_DAG_OWNER=***
AIRFLOW_CTX_DAG_ID=first_dag
AIRFLOW_CTX_TASK_ID=first_dag
AIRFLOW_CTX_EXECUTION_DATE=2022-06-07T10:30:21.639505+00:00
AIRFLOW_CTX_TRY_NUMBER=1
AIRFLOW_CTX_DAG_RUN_ID=manual__2022-06-07T10:30:21.639505+00:00
[2022-06-07 10:30:24,084] {logging_mixin.py:115} INFO - FIRST EXECUTION
[2022-06-07 10:30:24,128] {python.py:173} INFO - Done. Returned value was: None
[2022-06-07 10:30:24,165] {taskinstance.py:1400} INFO - Marking task as SUCCESS. dag_id=first_dag, task_id=first_dag, execution_date=20220607T103021, start_date=20220607T103023, end_date=20220607T103024
[2022-06-07 10:30:24,250] {local_task_job.py:156} INFO - Task exited with return code 0
[2022-06-07 10:30:24,421] {local_task_job.py:273} INFO - 1 downstream tasks scheduled from follow-on schedule check
