[2022-06-07 09:26:06,627] {taskinstance.py:1159} INFO - Dependencies all met for <TaskInstance: first_dag.first_dag scheduled__2022-06-07T04:00:00+00:00 [queued]>
[2022-06-07 09:26:06,750] {taskinstance.py:1159} INFO - Dependencies all met for <TaskInstance: first_dag.first_dag scheduled__2022-06-07T04:00:00+00:00 [queued]>
[2022-06-07 09:26:06,752] {taskinstance.py:1356} INFO - 
--------------------------------------------------------------------------------
[2022-06-07 09:26:06,752] {taskinstance.py:1357} INFO - Starting attempt 1 of 2
[2022-06-07 09:26:06,752] {taskinstance.py:1358} INFO - 
--------------------------------------------------------------------------------
[2022-06-07 09:26:06,928] {taskinstance.py:1377} INFO - Executing <Task(PythonOperator): first_dag> on 2022-06-07 04:00:00+00:00
[2022-06-07 09:26:06,975] {standard_task_runner.py:52} INFO - Started process 73 to run task
[2022-06-07 09:26:06,983] {standard_task_runner.py:79} INFO - Running: ['***', 'tasks', 'run', 'first_dag', 'first_dag', 'scheduled__2022-06-07T04:00:00+00:00', '--job-id', '18', '--raw', '--subdir', 'DAGS_FOLDER/first_dag.py', '--cfg-path', '/tmp/tmpkouner4q', '--error-file', '/tmp/tmpfkjl46gj']
[2022-06-07 09:26:06,983] {standard_task_runner.py:80} INFO - Job 18: Subtask first_dag
[2022-06-07 09:26:07,888] {task_command.py:370} INFO - Running <TaskInstance: first_dag.first_dag scheduled__2022-06-07T04:00:00+00:00 [running]> on host 7bd722fce0d0
[2022-06-07 09:26:08,544] {taskinstance.py:1571} INFO - Exporting the following env vars:
AIRFLOW_CTX_DAG_OWNER=***
AIRFLOW_CTX_DAG_ID=first_dag
AIRFLOW_CTX_TASK_ID=first_dag
AIRFLOW_CTX_EXECUTION_DATE=2022-06-07T04:00:00+00:00
AIRFLOW_CTX_TRY_NUMBER=1
AIRFLOW_CTX_DAG_RUN_ID=scheduled__2022-06-07T04:00:00+00:00
[2022-06-07 09:26:08,545] {python.py:173} INFO - Done. Returned value was: Hello WorldDidnt get the key
[2022-06-07 09:26:08,652] {taskinstance.py:1400} INFO - Marking task as SUCCESS. dag_id=first_dag, task_id=first_dag, execution_date=20220607T040000, start_date=20220607T092606, end_date=20220607T092608
[2022-06-07 09:26:08,727] {local_task_job.py:156} INFO - Task exited with return code 0
[2022-06-07 09:26:09,038] {local_task_job.py:273} INFO - 0 downstream tasks scheduled from follow-on schedule check
