[2022-06-07 10:30:25,160] {taskinstance.py:1159} INFO - Dependencies all met for <TaskInstance: first_dag.second_dag manual__2022-06-07T10:30:21.639505+00:00 [queued]>
[2022-06-07 10:30:25,180] {taskinstance.py:1159} INFO - Dependencies all met for <TaskInstance: first_dag.second_dag manual__2022-06-07T10:30:21.639505+00:00 [queued]>
[2022-06-07 10:30:25,180] {taskinstance.py:1356} INFO - 
--------------------------------------------------------------------------------
[2022-06-07 10:30:25,180] {taskinstance.py:1357} INFO - Starting attempt 1 of 2
[2022-06-07 10:30:25,180] {taskinstance.py:1358} INFO - 
--------------------------------------------------------------------------------
[2022-06-07 10:30:25,218] {taskinstance.py:1377} INFO - Executing <Task(PythonOperator): second_dag> on 2022-06-07 10:30:21.639505+00:00
[2022-06-07 10:30:25,224] {standard_task_runner.py:52} INFO - Started process 117 to run task
[2022-06-07 10:30:25,229] {standard_task_runner.py:79} INFO - Running: ['***', 'tasks', 'run', 'first_dag', 'second_dag', 'manual__2022-06-07T10:30:21.639505+00:00', '--job-id', '82', '--raw', '--subdir', 'DAGS_FOLDER/first_dag.py', '--cfg-path', '/tmp/tmp_4b2_37q', '--error-file', '/tmp/tmpnqrk58xa']
[2022-06-07 10:30:25,229] {standard_task_runner.py:80} INFO - Job 82: Subtask second_dag
[2022-06-07 10:30:25,415] {task_command.py:370} INFO - Running <TaskInstance: first_dag.second_dag manual__2022-06-07T10:30:21.639505+00:00 [running]> on host 40aea3afdb95
[2022-06-07 10:30:25,710] {taskinstance.py:1571} INFO - Exporting the following env vars:
AIRFLOW_CTX_DAG_OWNER=***
AIRFLOW_CTX_DAG_ID=first_dag
AIRFLOW_CTX_TASK_ID=second_dag
AIRFLOW_CTX_EXECUTION_DATE=2022-06-07T10:30:21.639505+00:00
AIRFLOW_CTX_TRY_NUMBER=1
AIRFLOW_CTX_DAG_RUN_ID=manual__2022-06-07T10:30:21.639505+00:00
[2022-06-07 10:30:25,759] {logging_mixin.py:115} INFO - Second Function Execution with value :first_function_execution
[2022-06-07 10:30:25,760] {python.py:173} INFO - Done. Returned value was: Hello World: first_function_execution
[2022-06-07 10:30:25,885] {taskinstance.py:1400} INFO - Marking task as SUCCESS. dag_id=first_dag, task_id=second_dag, execution_date=20220607T103021, start_date=20220607T103025, end_date=20220607T103025
[2022-06-07 10:30:25,984] {local_task_job.py:156} INFO - Task exited with return code 0
[2022-06-07 10:30:26,111] {local_task_job.py:273} INFO - 0 downstream tasks scheduled from follow-on schedule check
