[2022-06-07 09:26:06,479] {taskinstance.py:1159} INFO - Dependencies all met for <TaskInstance: first_dag.first_dag scheduled__2022-06-07T08:00:00+00:00 [queued]>
[2022-06-07 09:26:06,499] {taskinstance.py:1159} INFO - Dependencies all met for <TaskInstance: first_dag.first_dag scheduled__2022-06-07T08:00:00+00:00 [queued]>
[2022-06-07 09:26:06,499] {taskinstance.py:1356} INFO - 
--------------------------------------------------------------------------------
[2022-06-07 09:26:06,499] {taskinstance.py:1357} INFO - Starting attempt 1 of 2
[2022-06-07 09:26:06,499] {taskinstance.py:1358} INFO - 
--------------------------------------------------------------------------------
[2022-06-07 09:26:06,549] {taskinstance.py:1377} INFO - Executing <Task(PythonOperator): first_dag> on 2022-06-07 08:00:00+00:00
[2022-06-07 09:26:06,557] {standard_task_runner.py:52} INFO - Started process 72 to run task
[2022-06-07 09:26:06,591] {standard_task_runner.py:79} INFO - Running: ['***', 'tasks', 'run', 'first_dag', 'first_dag', 'scheduled__2022-06-07T08:00:00+00:00', '--job-id', '17', '--raw', '--subdir', 'DAGS_FOLDER/first_dag.py', '--cfg-path', '/tmp/tmpa_8iu47t', '--error-file', '/tmp/tmp3wxo7ri4']
[2022-06-07 09:26:06,591] {standard_task_runner.py:80} INFO - Job 17: Subtask first_dag
[2022-06-07 09:26:07,164] {task_command.py:370} INFO - Running <TaskInstance: first_dag.first_dag scheduled__2022-06-07T08:00:00+00:00 [running]> on host 7bd722fce0d0
[2022-06-07 09:26:08,255] {taskinstance.py:1571} INFO - Exporting the following env vars:
AIRFLOW_CTX_DAG_OWNER=***
AIRFLOW_CTX_DAG_ID=first_dag
AIRFLOW_CTX_TASK_ID=first_dag
AIRFLOW_CTX_EXECUTION_DATE=2022-06-07T08:00:00+00:00
AIRFLOW_CTX_TRY_NUMBER=1
AIRFLOW_CTX_DAG_RUN_ID=scheduled__2022-06-07T08:00:00+00:00
[2022-06-07 09:26:08,256] {python.py:173} INFO - Done. Returned value was: Hello WorldDidnt get the key
[2022-06-07 09:26:08,521] {taskinstance.py:1400} INFO - Marking task as SUCCESS. dag_id=first_dag, task_id=first_dag, execution_date=20220607T080000, start_date=20220607T092606, end_date=20220607T092608
[2022-06-07 09:26:08,619] {local_task_job.py:156} INFO - Task exited with return code 0
[2022-06-07 09:26:08,720] {local_task_job.py:273} INFO - 0 downstream tasks scheduled from follow-on schedule check
[2022-06-07 09:43:33,490] {taskinstance.py:1159} INFO - Dependencies all met for <TaskInstance: first_dag.first_dag scheduled__2022-06-07T08:00:00+00:00 [queued]>
[2022-06-07 09:43:33,521] {taskinstance.py:1159} INFO - Dependencies all met for <TaskInstance: first_dag.first_dag scheduled__2022-06-07T08:00:00+00:00 [queued]>
[2022-06-07 09:43:33,521] {taskinstance.py:1356} INFO - 
--------------------------------------------------------------------------------
[2022-06-07 09:43:33,522] {taskinstance.py:1357} INFO - Starting attempt 1 of 2
[2022-06-07 09:43:33,522] {taskinstance.py:1358} INFO - 
--------------------------------------------------------------------------------
[2022-06-07 09:43:33,627] {taskinstance.py:1377} INFO - Executing <Task(PythonOperator): first_dag> on 2022-06-07 08:00:00+00:00
[2022-06-07 09:43:33,655] {standard_task_runner.py:79} INFO - Running: ['***', 'tasks', 'run', 'first_dag', 'first_dag', 'scheduled__2022-06-07T08:00:00+00:00', '--job-id', '20', '--raw', '--subdir', 'DAGS_FOLDER/first_dag.py', '--cfg-path', '/tmp/tmpt7qfyn83', '--error-file', '/tmp/tmpz2gsewny']
[2022-06-07 09:43:33,655] {standard_task_runner.py:80} INFO - Job 20: Subtask first_dag
[2022-06-07 09:43:33,644] {standard_task_runner.py:52} INFO - Started process 799 to run task
[2022-06-07 09:43:34,177] {task_command.py:370} INFO - Running <TaskInstance: first_dag.first_dag scheduled__2022-06-07T08:00:00+00:00 [running]> on host 7bd722fce0d0
[2022-06-07 09:43:34,636] {taskinstance.py:1571} INFO - Exporting the following env vars:
AIRFLOW_CTX_DAG_OWNER=***
AIRFLOW_CTX_DAG_ID=first_dag
AIRFLOW_CTX_TASK_ID=first_dag
AIRFLOW_CTX_EXECUTION_DATE=2022-06-07T08:00:00+00:00
AIRFLOW_CTX_TRY_NUMBER=1
AIRFLOW_CTX_DAG_RUN_ID=scheduled__2022-06-07T08:00:00+00:00
[2022-06-07 09:43:34,658] {python.py:173} INFO - Done. Returned value was: Hello WorldDidnt get the key
[2022-06-07 09:43:34,844] {taskinstance.py:1400} INFO - Marking task as SUCCESS. dag_id=first_dag, task_id=first_dag, execution_date=20220607T080000, start_date=20220607T094333, end_date=20220607T094334
[2022-06-07 09:43:35,001] {local_task_job.py:156} INFO - Task exited with return code 0
[2022-06-07 09:43:35,111] {local_task_job.py:273} INFO - 0 downstream tasks scheduled from follow-on schedule check
