[2022-06-07 10:24:41,659] {taskinstance.py:1159} INFO - Dependencies all met for <TaskInstance: first_dag.first_dags scheduled__2022-06-07T09:00:00+00:00 [queued]>
[2022-06-07 10:24:41,716] {taskinstance.py:1159} INFO - Dependencies all met for <TaskInstance: first_dag.first_dags scheduled__2022-06-07T09:00:00+00:00 [queued]>
[2022-06-07 10:24:41,716] {taskinstance.py:1356} INFO - 
--------------------------------------------------------------------------------
[2022-06-07 10:24:41,716] {taskinstance.py:1357} INFO - Starting attempt 1 of 2
[2022-06-07 10:24:41,716] {taskinstance.py:1358} INFO - 
--------------------------------------------------------------------------------
[2022-06-07 10:24:41,751] {taskinstance.py:1377} INFO - Executing <Task(PythonOperator): first_dags> on 2022-06-07 09:00:00+00:00
[2022-06-07 10:24:41,757] {standard_task_runner.py:52} INFO - Started process 208 to run task
[2022-06-07 10:24:41,767] {standard_task_runner.py:79} INFO - Running: ['***', 'tasks', 'run', 'first_dag', 'first_dags', 'scheduled__2022-06-07T09:00:00+00:00', '--job-id', '77', '--raw', '--subdir', 'DAGS_FOLDER/first_dag.py', '--cfg-path', '/tmp/tmphkxqx9p4', '--error-file', '/tmp/tmpc_1sgr9o']
[2022-06-07 10:24:41,769] {standard_task_runner.py:80} INFO - Job 77: Subtask first_dags
[2022-06-07 10:24:41,902] {task_command.py:370} INFO - Running <TaskInstance: first_dag.first_dags scheduled__2022-06-07T09:00:00+00:00 [running]> on host 2f271877a716
[2022-06-07 10:24:42,153] {taskinstance.py:1571} INFO - Exporting the following env vars:
AIRFLOW_CTX_DAG_OWNER=***
AIRFLOW_CTX_DAG_ID=first_dag
AIRFLOW_CTX_TASK_ID=first_dags
AIRFLOW_CTX_EXECUTION_DATE=2022-06-07T09:00:00+00:00
AIRFLOW_CTX_TRY_NUMBER=1
AIRFLOW_CTX_DAG_RUN_ID=scheduled__2022-06-07T09:00:00+00:00
[2022-06-07 10:24:42,203] {logging_mixin.py:115} INFO - Second Function Execution with value :first_function_execution
[2022-06-07 10:24:42,203] {python.py:173} INFO - Done. Returned value was: Hello World: first_function_execution
[2022-06-07 10:24:42,287] {taskinstance.py:1400} INFO - Marking task as SUCCESS. dag_id=first_dag, task_id=first_dags, execution_date=20220607T090000, start_date=20220607T102441, end_date=20220607T102442
[2022-06-07 10:24:42,345] {local_task_job.py:156} INFO - Task exited with return code 0
[2022-06-07 10:24:42,414] {local_task_job.py:273} INFO - 0 downstream tasks scheduled from follow-on schedule check
