[2022-06-07 04:34:29,332] {taskinstance.py:1159} INFO - Dependencies all met for <TaskInstance: first_dag.first_dag manual__2022-06-07T04:34:27.218662+00:00 [queued]>
[2022-06-07 04:34:29,369] {taskinstance.py:1159} INFO - Dependencies all met for <TaskInstance: first_dag.first_dag manual__2022-06-07T04:34:27.218662+00:00 [queued]>
[2022-06-07 04:34:29,370] {taskinstance.py:1356} INFO - 
--------------------------------------------------------------------------------
[2022-06-07 04:34:29,370] {taskinstance.py:1357} INFO - Starting attempt 1 of 2
[2022-06-07 04:34:29,370] {taskinstance.py:1358} INFO - 
--------------------------------------------------------------------------------
[2022-06-07 04:34:29,424] {taskinstance.py:1377} INFO - Executing <Task(PythonOperator): first_dag> on 2022-06-07 04:34:27.218662+00:00
[2022-06-07 04:34:29,430] {standard_task_runner.py:52} INFO - Started process 189 to run task
[2022-06-07 04:34:29,436] {standard_task_runner.py:79} INFO - Running: ['***', 'tasks', 'run', 'first_dag', 'first_dag', 'manual__2022-06-07T04:34:27.218662+00:00', '--job-id', '14', '--raw', '--subdir', 'DAGS_FOLDER/first_dag.py', '--cfg-path', '/tmp/tmp75fu32wf', '--error-file', '/tmp/tmp3go6b_lh']
[2022-06-07 04:34:29,437] {standard_task_runner.py:80} INFO - Job 14: Subtask first_dag
[2022-06-07 04:34:29,548] {task_command.py:370} INFO - Running <TaskInstance: first_dag.first_dag manual__2022-06-07T04:34:27.218662+00:00 [running]> on host 6210c8110245
[2022-06-07 04:34:29,705] {taskinstance.py:1571} INFO - Exporting the following env vars:
AIRFLOW_CTX_DAG_OWNER=***
AIRFLOW_CTX_DAG_ID=first_dag
AIRFLOW_CTX_TASK_ID=first_dag
AIRFLOW_CTX_EXECUTION_DATE=2022-06-07T04:34:27.218662+00:00
AIRFLOW_CTX_TRY_NUMBER=1
AIRFLOW_CTX_DAG_RUN_ID=manual__2022-06-07T04:34:27.218662+00:00
[2022-06-07 04:34:29,706] {logging_mixin.py:115} INFO - FIRST EXECUTION
[2022-06-07 04:34:29,706] {python.py:173} INFO - Done. Returned value was: FIRST EXECUTION
[2022-06-07 04:34:29,818] {taskinstance.py:1400} INFO - Marking task as SUCCESS. dag_id=first_dag, task_id=first_dag, execution_date=20220607T043427, start_date=20220607T043429, end_date=20220607T043429
[2022-06-07 04:34:29,861] {local_task_job.py:156} INFO - Task exited with return code 0
[2022-06-07 04:34:29,938] {local_task_job.py:273} INFO - 0 downstream tasks scheduled from follow-on schedule check
